2023-10-23 15:54:45,159 INFO [SpringContextShutdownHook][ExecutorConfigurationSupport.java:218] - Shutting down ExecutorService 'taskScheduler'
2023-10-23 15:54:45,159 INFO [SpringContextShutdownHook][ExecutorConfigurationSupport.java:218] - Shutting down ExecutorService 'taskScheduler'
2023-10-23 15:54:45,222 INFO [SpringContextShutdownHook][ExecutorConfigurationSupport.java:218] - Shutting down ExecutorService 'applicationTaskExecutor'
2023-10-23 15:54:45,222 INFO [SpringContextShutdownHook][ExecutorConfigurationSupport.java:218] - Shutting down ExecutorService 'applicationTaskExecutor'
2023-10-23 15:54:45,590 INFO [com.alibaba.nacos.naming.push.receiver][PushReceiver.java:97] - received push data: {"type":"dom","data":"{\"dom\":\"xuecheng-plus-project@@gateway\",\"name\":\"xuecheng-plus-project@@gateway\",\"cacheMillis\":10000,\"lastRefTime\":1698047685586,\"checksum\":\"7ff3f9858a48e543e88caf5d4022ddd5\",\"useSpecifiedURL\":false,\"clusters\":\"DEFAULT\",\"env\":\"\",\"hosts\":[],\"metadata\":{}}","lastRefTime":16209302140154} from /192.168.101.65
2023-10-23 15:54:45,590 INFO [com.alibaba.nacos.naming.push.receiver][PushReceiver.java:97] - received push data: {"type":"dom","data":"{\"dom\":\"xuecheng-plus-project@@gateway\",\"name\":\"xuecheng-plus-project@@gateway\",\"cacheMillis\":10000,\"lastRefTime\":1698047685586,\"checksum\":\"7ff3f9858a48e543e88caf5d4022ddd5\",\"useSpecifiedURL\":false,\"clusters\":\"DEFAULT\",\"env\":\"\",\"hosts\":[],\"metadata\":{}}","lastRefTime":16209302140154} from /192.168.101.65
2023-10-23 15:54:45,597 INFO [com.alibaba.nacos.naming.push.receiver][HostReactor.java:238] - removed ips(1) service: xuecheng-plus-project@@gateway@@DEFAULT -> [{"instanceId":"192.168.73.1#63010#DEFAULT#xuecheng-plus-project@@gateway","ip":"192.168.73.1","port":63010,"weight":1.0,"healthy":true,"enabled":true,"ephemeral":true,"clusterName":"DEFAULT","serviceName":"xuecheng-plus-project@@gateway","metadata":{"preserved.register.source":"SPRING_CLOUD"},"ipDeleteTimeout":30000,"instanceHeartBeatInterval":5000,"instanceHeartBeatTimeOut":15000}]
2023-10-23 15:54:45,597 INFO [com.alibaba.nacos.naming.push.receiver][HostReactor.java:238] - removed ips(1) service: xuecheng-plus-project@@gateway@@DEFAULT -> [{"instanceId":"192.168.73.1#63010#DEFAULT#xuecheng-plus-project@@gateway","ip":"192.168.73.1","port":63010,"weight":1.0,"healthy":true,"enabled":true,"ephemeral":true,"clusterName":"DEFAULT","serviceName":"xuecheng-plus-project@@gateway","metadata":{"preserved.register.source":"SPRING_CLOUD"},"ipDeleteTimeout":30000,"instanceHeartBeatInterval":5000,"instanceHeartBeatTimeOut":15000}]
2023-10-23 15:54:45,598 DEBUG [nacos.publisher-com.alibaba.nacos.client.naming.event.InstancesChangeEvent][DefaultPublisher.java:193] - [NotifyCenter] the com.alibaba.nacos.client.naming.event.InstancesChangeEvent@53a18871 will received by com.alibaba.nacos.client.naming.event.InstancesChangeNotifier@261db982
2023-10-23 15:54:45,598 DEBUG [nacos.publisher-com.alibaba.nacos.client.naming.event.InstancesChangeEvent][DefaultPublisher.java:193] - [NotifyCenter] the com.alibaba.nacos.client.naming.event.InstancesChangeEvent@53a18871 will received by com.alibaba.nacos.client.naming.event.InstancesChangeNotifier@261db982
2023-10-23 15:54:45,603 INFO [com.alibaba.nacos.naming.push.receiver][HostReactor.java:271] - current ips:(0) service: xuecheng-plus-project@@gateway@@DEFAULT -> []
2023-10-23 15:54:45,603 INFO [com.alibaba.nacos.naming.push.receiver][HostReactor.java:271] - current ips:(0) service: xuecheng-plus-project@@gateway@@DEFAULT -> []
2023-10-23 15:54:46,066 INFO [com.alibaba.nacos.naming.push.receiver][PushReceiver.java:97] - received push data: {"type":"dom","data":"{\"dom\":\"xuecheng-plus-project@@media-api\",\"name\":\"xuecheng-plus-project@@media-api\",\"cacheMillis\":10000,\"lastRefTime\":1698047686062,\"checksum\":\"e581954b7428757802b5a9598d3a399d\",\"useSpecifiedURL\":false,\"clusters\":\"DEFAULT\",\"env\":\"\",\"hosts\":[],\"metadata\":{}}","lastRefTime":16209778993178} from /192.168.101.65
2023-10-23 15:54:46,066 INFO [com.alibaba.nacos.naming.push.receiver][PushReceiver.java:97] - received push data: {"type":"dom","data":"{\"dom\":\"xuecheng-plus-project@@media-api\",\"name\":\"xuecheng-plus-project@@media-api\",\"cacheMillis\":10000,\"lastRefTime\":1698047686062,\"checksum\":\"e581954b7428757802b5a9598d3a399d\",\"useSpecifiedURL\":false,\"clusters\":\"DEFAULT\",\"env\":\"\",\"hosts\":[],\"metadata\":{}}","lastRefTime":16209778993178} from /192.168.101.65
2023-10-23 15:54:46,073 INFO [com.alibaba.nacos.naming.push.receiver][HostReactor.java:238] - removed ips(1) service: xuecheng-plus-project@@media-api@@DEFAULT -> [{"instanceId":"192.168.73.1#63050#DEFAULT#xuecheng-plus-project@@media-api","ip":"192.168.73.1","port":63050,"weight":1.0,"healthy":true,"enabled":true,"ephemeral":true,"clusterName":"DEFAULT","serviceName":"xuecheng-plus-project@@media-api","metadata":{"preserved.register.source":"SPRING_CLOUD"},"instanceHeartBeatInterval":5000,"instanceHeartBeatTimeOut":15000,"ipDeleteTimeout":30000}]
2023-10-23 15:54:46,073 INFO [com.alibaba.nacos.naming.push.receiver][HostReactor.java:238] - removed ips(1) service: xuecheng-plus-project@@media-api@@DEFAULT -> [{"instanceId":"192.168.73.1#63050#DEFAULT#xuecheng-plus-project@@media-api","ip":"192.168.73.1","port":63050,"weight":1.0,"healthy":true,"enabled":true,"ephemeral":true,"clusterName":"DEFAULT","serviceName":"xuecheng-plus-project@@media-api","metadata":{"preserved.register.source":"SPRING_CLOUD"},"instanceHeartBeatInterval":5000,"instanceHeartBeatTimeOut":15000,"ipDeleteTimeout":30000}]
2023-10-23 15:54:46,074 DEBUG [nacos.publisher-com.alibaba.nacos.client.naming.event.InstancesChangeEvent][DefaultPublisher.java:193] - [NotifyCenter] the com.alibaba.nacos.client.naming.event.InstancesChangeEvent@14cdead2 will received by com.alibaba.nacos.client.naming.event.InstancesChangeNotifier@6598caab
2023-10-23 15:54:46,074 DEBUG [nacos.publisher-com.alibaba.nacos.client.naming.event.InstancesChangeEvent][DefaultPublisher.java:193] - [NotifyCenter] the com.alibaba.nacos.client.naming.event.InstancesChangeEvent@14cdead2 will received by com.alibaba.nacos.client.naming.event.InstancesChangeNotifier@6598caab
2023-10-23 15:54:46,076 INFO [com.alibaba.nacos.naming.push.receiver][HostReactor.java:271] - current ips:(0) service: xuecheng-plus-project@@media-api@@DEFAULT -> []
2023-10-23 15:54:46,076 INFO [com.alibaba.nacos.naming.push.receiver][HostReactor.java:271] - current ips:(0) service: xuecheng-plus-project@@media-api@@DEFAULT -> []
2023-10-23 15:54:46,131 INFO [com.alibaba.nacos.naming.push.receiver][PushReceiver.java:97] - received push data: {"type":"dom","data":"{\"dom\":\"xuecheng-plus-project@@content-api\",\"name\":\"xuecheng-plus-project@@content-api\",\"cacheMillis\":10000,\"lastRefTime\":1698047686129,\"checksum\":\"b9882353305a55afb8e2c53bb9424188\",\"useSpecifiedURL\":false,\"clusters\":\"DEFAULT\",\"env\":\"\",\"hosts\":[],\"metadata\":{}}","lastRefTime":16209845158076} from /192.168.101.65
2023-10-23 15:54:46,131 INFO [com.alibaba.nacos.naming.push.receiver][PushReceiver.java:97] - received push data: {"type":"dom","data":"{\"dom\":\"xuecheng-plus-project@@content-api\",\"name\":\"xuecheng-plus-project@@content-api\",\"cacheMillis\":10000,\"lastRefTime\":1698047686129,\"checksum\":\"b9882353305a55afb8e2c53bb9424188\",\"useSpecifiedURL\":false,\"clusters\":\"DEFAULT\",\"env\":\"\",\"hosts\":[],\"metadata\":{}}","lastRefTime":16209845158076} from /192.168.101.65
2023-10-23 15:54:46,137 INFO [com.alibaba.nacos.naming.push.receiver][HostReactor.java:238] - removed ips(1) service: xuecheng-plus-project@@content-api@@DEFAULT -> [{"instanceId":"192.168.73.1#63040#DEFAULT#xuecheng-plus-project@@content-api","ip":"192.168.73.1","port":63040,"weight":1.0,"healthy":true,"enabled":true,"ephemeral":true,"clusterName":"DEFAULT","serviceName":"xuecheng-plus-project@@content-api","metadata":{"preserved.register.source":"SPRING_CLOUD"},"ipDeleteTimeout":30000,"instanceHeartBeatTimeOut":15000,"instanceHeartBeatInterval":5000}]
2023-10-23 15:54:46,137 INFO [com.alibaba.nacos.naming.push.receiver][HostReactor.java:238] - removed ips(1) service: xuecheng-plus-project@@content-api@@DEFAULT -> [{"instanceId":"192.168.73.1#63040#DEFAULT#xuecheng-plus-project@@content-api","ip":"192.168.73.1","port":63040,"weight":1.0,"healthy":true,"enabled":true,"ephemeral":true,"clusterName":"DEFAULT","serviceName":"xuecheng-plus-project@@content-api","metadata":{"preserved.register.source":"SPRING_CLOUD"},"ipDeleteTimeout":30000,"instanceHeartBeatTimeOut":15000,"instanceHeartBeatInterval":5000}]
2023-10-23 15:54:46,138 DEBUG [nacos.publisher-com.alibaba.nacos.client.naming.event.InstancesChangeEvent][DefaultPublisher.java:193] - [NotifyCenter] the com.alibaba.nacos.client.naming.event.InstancesChangeEvent@1f217cee will received by com.alibaba.nacos.client.naming.event.InstancesChangeNotifier@525b8922
2023-10-23 15:54:46,138 DEBUG [nacos.publisher-com.alibaba.nacos.client.naming.event.InstancesChangeEvent][DefaultPublisher.java:193] - [NotifyCenter] the com.alibaba.nacos.client.naming.event.InstancesChangeEvent@1f217cee will received by com.alibaba.nacos.client.naming.event.InstancesChangeNotifier@525b8922
2023-10-23 15:54:46,142 INFO [com.alibaba.nacos.naming.push.receiver][HostReactor.java:271] - current ips:(0) service: xuecheng-plus-project@@content-api@@DEFAULT -> []
2023-10-23 15:54:46,142 INFO [com.alibaba.nacos.naming.push.receiver][HostReactor.java:271] - current ips:(0) service: xuecheng-plus-project@@content-api@@DEFAULT -> []
2023-10-23 15:54:46,159 DEBUG [com.alibaba.nacos.naming.failover][FailoverReactor.java:147] - failover switch is not found, failover00-00---000-VIPSRV_FAILOVER_SWITCH-000---00-00
2023-10-23 15:54:46,159 DEBUG [com.alibaba.nacos.naming.failover][FailoverReactor.java:147] - failover switch is not found, failover00-00---000-VIPSRV_FAILOVER_SWITCH-000---00-00
2023-10-23 15:54:46,401 DEBUG [com.alibaba.nacos.client.naming.updater][NacosRestTemplate.java:476] - HTTP method: GET, url: http://192.168.101.65:8848/nacos/v1/ns/instance/list?app=unknown&healthyOnly=false&namespaceId=dev402&clientIP=192.168.101.1&serviceName=xuecheng-plus-project%40%40gateway&udpPort=61432&clusters=DEFAULT, body: {}
2023-10-23 15:54:46,401 DEBUG [com.alibaba.nacos.client.naming.updater][NacosRestTemplate.java:476] - HTTP method: GET, url: http://192.168.101.65:8848/nacos/v1/ns/instance/list?app=unknown&healthyOnly=false&namespaceId=dev402&clientIP=192.168.101.1&serviceName=xuecheng-plus-project%40%40gateway&udpPort=61432&clusters=DEFAULT, body: {}
2023-10-23 15:54:46,407 INFO [SpringContextShutdownHook][PushReceiver.java:132] - com.alibaba.nacos.client.naming.core.PushReceiver do shutdown begin
2023-10-23 15:54:46,407 INFO [SpringContextShutdownHook][PushReceiver.java:132] - com.alibaba.nacos.client.naming.core.PushReceiver do shutdown begin
2023-10-23 15:54:46,768 DEBUG [com.alibaba.nacos.client.naming.updater][NamingProxy.java:195] - server list provided by user: [192.168.101.65:8848]
2023-10-23 15:54:46,768 DEBUG [com.alibaba.nacos.client.naming.updater][NamingProxy.java:195] - server list provided by user: [192.168.101.65:8848]
2023-10-23 15:54:46,828 DEBUG [com.alibaba.nacos.naming.failover][FailoverReactor.java:147] - failover switch is not found, failover00-00---000-VIPSRV_FAILOVER_SWITCH-000---00-00
2023-10-23 15:54:46,828 DEBUG [com.alibaba.nacos.naming.failover][FailoverReactor.java:147] - failover switch is not found, failover00-00---000-VIPSRV_FAILOVER_SWITCH-000---00-00
2023-10-23 15:54:47,684 INFO [SpringContextShutdownHook][BeatReactor.java:149] - com.alibaba.nacos.client.naming.beat.BeatReactor do shutdown stop
2023-10-23 15:54:47,684 INFO [SpringContextShutdownHook][BeatReactor.java:149] - com.alibaba.nacos.client.naming.beat.BeatReactor do shutdown stop
2023-10-23 15:54:47,684 INFO [SpringContextShutdownHook][HostReactor.java:413] - com.alibaba.nacos.client.naming.core.HostReactor do shutdown begin
2023-10-23 15:54:47,684 INFO [SpringContextShutdownHook][HostReactor.java:413] - com.alibaba.nacos.client.naming.core.HostReactor do shutdown begin
2023-10-23 15:54:47,699 DEBUG [com.alibaba.nacos.client.naming.updater][NacosRestTemplate.java:476] - HTTP method: GET, url: http://192.168.101.65:8848/nacos/v1/ns/instance/list?app=unknown&healthyOnly=false&namespaceId=dev402&clientIP=192.168.101.1&serviceName=xuecheng-plus-project%40%40media-api&udpPort=56654&clusters=DEFAULT, body: {}
2023-10-23 15:54:47,699 DEBUG [com.alibaba.nacos.client.naming.updater][NacosRestTemplate.java:476] - HTTP method: GET, url: http://192.168.101.65:8848/nacos/v1/ns/instance/list?app=unknown&healthyOnly=false&namespaceId=dev402&clientIP=192.168.101.1&serviceName=xuecheng-plus-project%40%40media-api&udpPort=56654&clusters=DEFAULT, body: {}
2023-10-23 15:54:47,701 INFO [SpringContextShutdownHook][PushReceiver.java:132] - com.alibaba.nacos.client.naming.core.PushReceiver do shutdown begin
2023-10-23 15:54:47,701 INFO [SpringContextShutdownHook][PushReceiver.java:132] - com.alibaba.nacos.client.naming.core.PushReceiver do shutdown begin
2023-10-23 15:54:47,705 INFO [SpringContextShutdownHook][PushReceiver.java:132] - com.alibaba.nacos.client.naming.core.PushReceiver do shutdown begin
2023-10-23 15:54:47,705 INFO [SpringContextShutdownHook][PushReceiver.java:132] - com.alibaba.nacos.client.naming.core.PushReceiver do shutdown begin
2023-10-23 15:54:48,144 INFO [SpringContextShutdownHook][BeatReactor.java:149] - com.alibaba.nacos.client.naming.beat.BeatReactor do shutdown stop
2023-10-23 15:54:48,144 INFO [SpringContextShutdownHook][BeatReactor.java:149] - com.alibaba.nacos.client.naming.beat.BeatReactor do shutdown stop
2023-10-23 15:54:48,145 INFO [SpringContextShutdownHook][HostReactor.java:413] - com.alibaba.nacos.client.naming.core.HostReactor do shutdown begin
2023-10-23 15:54:48,145 INFO [SpringContextShutdownHook][HostReactor.java:413] - com.alibaba.nacos.client.naming.core.HostReactor do shutdown begin
2023-10-23 15:54:48,299 DEBUG [xxl-job, executor ExecutorRegistryThread][ExecutorRegistryThread.java:51] - >>>>>>>>>>> xxl-job registry success, registryParam:RegistryParam{registryGroup='EXECUTOR', registryKey='coursepublish-job', registryValue='http://192.168.101.1:8999/'}, registryResult:ReturnT [code=200, msg=null, content=null]
2023-10-23 15:54:48,299 DEBUG [xxl-job, executor ExecutorRegistryThread][ExecutorRegistryThread.java:51] - >>>>>>>>>>> xxl-job registry success, registryParam:RegistryParam{registryGroup='EXECUTOR', registryKey='coursepublish-job', registryValue='http://192.168.101.1:8999/'}, registryResult:ReturnT [code=200, msg=null, content=null]
2023-10-23 15:54:48,387 DEBUG [com.alibaba.nacos.naming.failover][FailoverReactor.java:147] - failover switch is not found, failover00-00---000-VIPSRV_FAILOVER_SWITCH-000---00-00
2023-10-23 15:54:48,387 DEBUG [com.alibaba.nacos.naming.failover][FailoverReactor.java:147] - failover switch is not found, failover00-00---000-VIPSRV_FAILOVER_SWITCH-000---00-00
2023-10-23 15:54:49,438 INFO [SpringContextShutdownHook][PushReceiver.java:136] - com.alibaba.nacos.client.naming.core.PushReceiver do shutdown stop
2023-10-23 15:54:49,438 INFO [SpringContextShutdownHook][PushReceiver.java:136] - com.alibaba.nacos.client.naming.core.PushReceiver do shutdown stop
2023-10-23 15:54:49,439 INFO [SpringContextShutdownHook][FailoverReactor.java:132] - com.alibaba.nacos.client.naming.backups.FailoverReactor do shutdown begin
2023-10-23 15:54:49,439 INFO [SpringContextShutdownHook][FailoverReactor.java:132] - com.alibaba.nacos.client.naming.backups.FailoverReactor do shutdown begin
2023-10-23 15:54:49,441 INFO [SpringContextShutdownHook][FailoverReactor.java:134] - com.alibaba.nacos.client.naming.backups.FailoverReactor do shutdown stop
2023-10-23 15:54:49,441 INFO [SpringContextShutdownHook][FailoverReactor.java:134] - com.alibaba.nacos.client.naming.backups.FailoverReactor do shutdown stop
2023-10-23 15:54:49,443 INFO [SpringContextShutdownHook][HostReactor.java:418] - com.alibaba.nacos.client.naming.core.HostReactor do shutdown stop
2023-10-23 15:54:49,443 INFO [SpringContextShutdownHook][HostReactor.java:418] - com.alibaba.nacos.client.naming.core.HostReactor do shutdown stop
2023-10-23 15:54:49,444 INFO [SpringContextShutdownHook][NamingProxy.java:719] - com.alibaba.nacos.client.naming.net.NamingProxy do shutdown begin
2023-10-23 15:54:49,444 INFO [SpringContextShutdownHook][NamingProxy.java:719] - com.alibaba.nacos.client.naming.net.NamingProxy do shutdown begin
2023-10-23 15:54:49,445 WARN [SpringContextShutdownHook][NamingHttpClientManager.java:72] - [NamingHttpClientManager] Start destroying NacosRestTemplate
2023-10-23 15:54:49,445 WARN [SpringContextShutdownHook][NamingHttpClientManager.java:72] - [NamingHttpClientManager] Start destroying NacosRestTemplate
2023-10-23 15:54:49,446 WARN [SpringContextShutdownHook][NamingHttpClientManager.java:79] - [NamingHttpClientManager] Destruction of the end
2023-10-23 15:54:49,446 WARN [SpringContextShutdownHook][NamingHttpClientManager.java:79] - [NamingHttpClientManager] Destruction of the end
2023-10-23 15:54:49,448 INFO [SpringContextShutdownHook][CredentialWatcher.java:105] - [null] CredentialWatcher is stopped
2023-10-23 15:54:49,448 INFO [SpringContextShutdownHook][CredentialWatcher.java:105] - [null] CredentialWatcher is stopped
2023-10-23 15:54:49,448 INFO [SpringContextShutdownHook][CredentialService.java:98] - [null] CredentialService is freed
2023-10-23 15:54:49,448 INFO [SpringContextShutdownHook][NamingProxy.java:723] - com.alibaba.nacos.client.naming.net.NamingProxy do shutdown stop
2023-10-23 15:54:49,448 INFO [SpringContextShutdownHook][CredentialService.java:98] - [null] CredentialService is freed
2023-10-23 15:54:49,448 INFO [SpringContextShutdownHook][NamingProxy.java:723] - com.alibaba.nacos.client.naming.net.NamingProxy do shutdown stop
2023-10-23 15:54:49,451 WARN [SpringContextShutdownHook][DisposableBeanAdapter.java:346] - Destroy method 'close' on bean with name 'nacosServiceRegistry' threw an exception
java.lang.NullPointerException
	at com.alibaba.cloud.nacos.NacosServiceManager.nacosServiceShutDown(NacosServiceManager.java:115)
	at com.alibaba.cloud.nacos.registry.NacosServiceRegistry.close(NacosServiceRegistry.java:120)
	at sun.reflect.NativeMethodAccessorImpl.invoke0(Native Method)
	at sun.reflect.NativeMethodAccessorImpl.invoke(NativeMethodAccessorImpl.java:62)
	at sun.reflect.DelegatingMethodAccessorImpl.invoke(DelegatingMethodAccessorImpl.java:43)
	at java.lang.reflect.Method.invoke(Method.java:498)
	at org.springframework.beans.factory.support.DisposableBeanAdapter.invokeCustomDestroyMethod(DisposableBeanAdapter.java:339)
	at org.springframework.beans.factory.support.DisposableBeanAdapter.destroy(DisposableBeanAdapter.java:273)
	at org.springframework.beans.factory.support.DefaultSingletonBeanRegistry.destroyBean(DefaultSingletonBeanRegistry.java:587)
	at org.springframework.beans.factory.support.DefaultSingletonBeanRegistry.destroySingleton(DefaultSingletonBeanRegistry.java:559)
	at org.springframework.beans.factory.support.DefaultListableBeanFactory.destroySingleton(DefaultListableBeanFactory.java:1092)
	at org.springframework.beans.factory.support.DefaultSingletonBeanRegistry.destroySingletons(DefaultSingletonBeanRegistry.java:520)
	at org.springframework.beans.factory.support.DefaultListableBeanFactory.destroySingletons(DefaultListableBeanFactory.java:1085)
	at org.springframework.context.support.AbstractApplicationContext.destroyBeans(AbstractApplicationContext.java:1061)
	at org.springframework.context.support.AbstractApplicationContext.doClose(AbstractApplicationContext.java:1030)
	at org.springframework.boot.web.reactive.context.ReactiveWebServerApplicationContext.doClose(ReactiveWebServerApplicationContext.java:142)
	at org.springframework.context.support.AbstractApplicationContext$1.run(AbstractApplicationContext.java:949)
2023-10-23 15:54:49,451 WARN [SpringContextShutdownHook][DisposableBeanAdapter.java:346] - Destroy method 'close' on bean with name 'nacosServiceRegistry' threw an exception
java.lang.NullPointerException
	at com.alibaba.cloud.nacos.NacosServiceManager.nacosServiceShutDown(NacosServiceManager.java:115)
	at com.alibaba.cloud.nacos.registry.NacosServiceRegistry.close(NacosServiceRegistry.java:120)
	at sun.reflect.NativeMethodAccessorImpl.invoke0(Native Method)
	at sun.reflect.NativeMethodAccessorImpl.invoke(NativeMethodAccessorImpl.java:62)
	at sun.reflect.DelegatingMethodAccessorImpl.invoke(DelegatingMethodAccessorImpl.java:43)
	at java.lang.reflect.Method.invoke(Method.java:498)
	at org.springframework.beans.factory.support.DisposableBeanAdapter.invokeCustomDestroyMethod(DisposableBeanAdapter.java:339)
	at org.springframework.beans.factory.support.DisposableBeanAdapter.destroy(DisposableBeanAdapter.java:273)
	at org.springframework.beans.factory.support.DefaultSingletonBeanRegistry.destroyBean(DefaultSingletonBeanRegistry.java:587)
	at org.springframework.beans.factory.support.DefaultSingletonBeanRegistry.destroySingleton(DefaultSingletonBeanRegistry.java:559)
	at org.springframework.beans.factory.support.DefaultListableBeanFactory.destroySingleton(DefaultListableBeanFactory.java:1092)
	at org.springframework.beans.factory.support.DefaultSingletonBeanRegistry.destroySingletons(DefaultSingletonBeanRegistry.java:520)
	at org.springframework.beans.factory.support.DefaultListableBeanFactory.destroySingletons(DefaultListableBeanFactory.java:1085)
	at org.springframework.context.support.AbstractApplicationContext.destroyBeans(AbstractApplicationContext.java:1061)
	at org.springframework.context.support.AbstractApplicationContext.doClose(AbstractApplicationContext.java:1030)
	at org.springframework.boot.web.reactive.context.ReactiveWebServerApplicationContext.doClose(ReactiveWebServerApplicationContext.java:142)
	at org.springframework.context.support.AbstractApplicationContext$1.run(AbstractApplicationContext.java:949)
2023-10-23 15:54:49,680 DEBUG [com.alibaba.nacos.naming.failover][FailoverReactor.java:147] - failover switch is not found, failover00-00---000-VIPSRV_FAILOVER_SWITCH-000---00-00
2023-10-23 15:54:49,680 DEBUG [com.alibaba.nacos.naming.failover][FailoverReactor.java:147] - failover switch is not found, failover00-00---000-VIPSRV_FAILOVER_SWITCH-000---00-00
2023-10-23 15:54:50,012 DEBUG [xxl-job, JobThread-4-1698018335799][BaseJdbcLogger.java:137] - ==>  Preparing: select * from media_process t where t.id % ? = ? and (t.status = '1' or t.status = '3') and t.fail_count < 3 limit ?
2023-10-23 15:54:50,012 DEBUG [xxl-job, JobThread-4-1698018335799][BaseJdbcLogger.java:137] - ==>  Preparing: select * from media_process t where t.id % ? = ? and (t.status = '1' or t.status = '3') and t.fail_count < 3 limit ?
2023-10-23 15:54:50,012 DEBUG [xxl-job, JobThread-4-1698018335799][BaseJdbcLogger.java:137] - ==> Parameters: 1(Integer), 0(Integer), 8(Integer)
2023-10-23 15:54:50,012 DEBUG [xxl-job, JobThread-4-1698018335799][BaseJdbcLogger.java:137] - ==> Parameters: 1(Integer), 0(Integer), 8(Integer)
2023-10-23 15:54:50,013 DEBUG [xxl-job, JobThread-5-1698041960140][Logger.java:49] - Creating a new SqlSession
2023-10-23 15:54:50,013 DEBUG [xxl-job, JobThread-5-1698041960140][Logger.java:49] - Creating a new SqlSession
2023-10-23 15:54:50,014 DEBUG [xxl-job, JobThread-5-1698041960140][Logger.java:49] - SqlSession [org.apache.ibatis.session.defaults.DefaultSqlSession@668a3e09] was not registered for synchronization because synchronization is not active
2023-10-23 15:54:50,014 DEBUG [xxl-job, JobThread-5-1698041960140][Logger.java:49] - SqlSession [org.apache.ibatis.session.defaults.DefaultSqlSession@668a3e09] was not registered for synchronization because synchronization is not active
2023-10-23 15:54:50,014 DEBUG [xxl-job, JobThread-5-1698041960140][DataSourceUtils.java:115] - Fetching JDBC Connection from DataSource
2023-10-23 15:54:50,014 DEBUG [xxl-job, JobThread-5-1698041960140][DataSourceUtils.java:115] - Fetching JDBC Connection from DataSource
2023-10-23 15:54:50,015 DEBUG [xxl-job, JobThread-4-1698018335799][BaseJdbcLogger.java:137] - <==      Total: 0
2023-10-23 15:54:50,015 DEBUG [xxl-job, JobThread-4-1698018335799][BaseJdbcLogger.java:137] - <==      Total: 0
2023-10-23 15:54:50,015 DEBUG [xxl-job, JobThread-4-1698018335799][VideoTask.java:49] - 取到的视频处理任务数:0
2023-10-23 15:54:50,015 DEBUG [xxl-job, JobThread-4-1698018335799][VideoTask.java:49] - 取到的视频处理任务数:0
2023-10-23 15:54:50,015 DEBUG [xxl-job, JobThread-5-1698041960140][Logger.java:49] - JDBC Connection [HikariProxyConnection@403130198 wrapping com.mysql.cj.jdbc.ConnectionImpl@15771191] will not be managed by Spring
2023-10-23 15:54:50,015 DEBUG [xxl-job, JobThread-5-1698041960140][Logger.java:49] - JDBC Connection [HikariProxyConnection@403130198 wrapping com.mysql.cj.jdbc.ConnectionImpl@15771191] will not be managed by Spring
2023-10-23 15:54:50,016 DEBUG [xxl-job, JobThread-4-1698018335799][TriggerCallbackThread.java:40] - >>>>>>>>>>> xxl-job, push callback request, logId:219502
2023-10-23 15:54:50,016 DEBUG [xxl-job, JobThread-4-1698018335799][TriggerCallbackThread.java:40] - >>>>>>>>>>> xxl-job, push callback request, logId:219502
2023-10-23 15:54:50,016 DEBUG [xxl-job, JobThread-5-1698041960140][BaseJdbcLogger.java:137] - ==>  Preparing: SELECT t.* FROM mq_message t WHERE t.id % ? = ? and t.state='0' and t.message_type=? limit ?
2023-10-23 15:54:50,016 DEBUG [xxl-job, JobThread-5-1698041960140][BaseJdbcLogger.java:137] - ==>  Preparing: SELECT t.* FROM mq_message t WHERE t.id % ? = ? and t.state='0' and t.message_type=? limit ?
2023-10-23 15:54:50,016 DEBUG [xxl-job, JobThread-5-1698041960140][BaseJdbcLogger.java:137] - ==> Parameters: 1(Integer), 0(Integer), course_publish(String), 30(Integer)
2023-10-23 15:54:50,016 DEBUG [xxl-job, JobThread-5-1698041960140][BaseJdbcLogger.java:137] - ==> Parameters: 1(Integer), 0(Integer), course_publish(String), 30(Integer)
2023-10-23 15:54:50,018 DEBUG [xxl-job, JobThread-5-1698041960140][BaseJdbcLogger.java:137] - <==      Total: 0
2023-10-23 15:54:50,018 DEBUG [xxl-job, JobThread-5-1698041960140][BaseJdbcLogger.java:137] - <==      Total: 0
2023-10-23 15:54:50,018 DEBUG [xxl-job, JobThread-5-1698041960140][Logger.java:49] - Closing non transactional SqlSession [org.apache.ibatis.session.defaults.DefaultSqlSession@668a3e09]
2023-10-23 15:54:50,018 DEBUG [xxl-job, JobThread-5-1698041960140][Logger.java:49] - Closing non transactional SqlSession [org.apache.ibatis.session.defaults.DefaultSqlSession@668a3e09]
2023-10-23 15:54:50,019 DEBUG [xxl-job, JobThread-5-1698041960140][MessageProcessAbstract.java:53] - 取出待处理消息0条
2023-10-23 15:54:50,019 DEBUG [xxl-job, JobThread-5-1698041960140][MessageProcessAbstract.java:53] - 取出待处理消息0条
2023-10-23 15:54:50,020 DEBUG [xxl-job, JobThread-5-1698041960140][TriggerCallbackThread.java:40] - >>>>>>>>>>> xxl-job, push callback request, logId:219501
2023-10-23 15:54:50,020 DEBUG [xxl-job, JobThread-5-1698041960140][TriggerCallbackThread.java:40] - >>>>>>>>>>> xxl-job, push callback request, logId:219501
2023-10-23 15:54:50,712 INFO [SpringContextShutdownHook][PushReceiver.java:136] - com.alibaba.nacos.client.naming.core.PushReceiver do shutdown stop
2023-10-23 15:54:50,712 INFO [SpringContextShutdownHook][PushReceiver.java:136] - com.alibaba.nacos.client.naming.core.PushReceiver do shutdown stop
2023-10-23 15:54:50,712 INFO [SpringContextShutdownHook][PushReceiver.java:136] - com.alibaba.nacos.client.naming.core.PushReceiver do shutdown stop
2023-10-23 15:54:50,712 INFO [SpringContextShutdownHook][PushReceiver.java:136] - com.alibaba.nacos.client.naming.core.PushReceiver do shutdown stop
2023-10-23 15:54:50,712 INFO [SpringContextShutdownHook][FailoverReactor.java:132] - com.alibaba.nacos.client.naming.backups.FailoverReactor do shutdown begin
2023-10-23 15:54:50,712 INFO [SpringContextShutdownHook][FailoverReactor.java:132] - com.alibaba.nacos.client.naming.backups.FailoverReactor do shutdown begin
2023-10-23 15:54:50,713 INFO [SpringContextShutdownHook][FailoverReactor.java:132] - com.alibaba.nacos.client.naming.backups.FailoverReactor do shutdown begin
2023-10-23 15:54:50,713 INFO [SpringContextShutdownHook][FailoverReactor.java:132] - com.alibaba.nacos.client.naming.backups.FailoverReactor do shutdown begin
2023-10-23 15:54:50,714 INFO [SpringContextShutdownHook][FailoverReactor.java:134] - com.alibaba.nacos.client.naming.backups.FailoverReactor do shutdown stop
2023-10-23 15:54:50,714 INFO [SpringContextShutdownHook][FailoverReactor.java:134] - com.alibaba.nacos.client.naming.backups.FailoverReactor do shutdown stop
2023-10-23 15:54:50,714 INFO [SpringContextShutdownHook][HostReactor.java:418] - com.alibaba.nacos.client.naming.core.HostReactor do shutdown stop
2023-10-23 15:54:50,714 INFO [SpringContextShutdownHook][HostReactor.java:418] - com.alibaba.nacos.client.naming.core.HostReactor do shutdown stop
2023-10-23 15:54:50,715 INFO [SpringContextShutdownHook][FailoverReactor.java:134] - com.alibaba.nacos.client.naming.backups.FailoverReactor do shutdown stop
2023-10-23 15:54:50,715 INFO [SpringContextShutdownHook][FailoverReactor.java:134] - com.alibaba.nacos.client.naming.backups.FailoverReactor do shutdown stop
2023-10-23 15:54:50,715 INFO [SpringContextShutdownHook][NamingProxy.java:719] - com.alibaba.nacos.client.naming.net.NamingProxy do shutdown begin
2023-10-23 15:54:50,715 INFO [SpringContextShutdownHook][NamingProxy.java:719] - com.alibaba.nacos.client.naming.net.NamingProxy do shutdown begin
2023-10-23 15:54:50,715 INFO [SpringContextShutdownHook][HostReactor.java:418] - com.alibaba.nacos.client.naming.core.HostReactor do shutdown stop
2023-10-23 15:54:50,715 INFO [SpringContextShutdownHook][HostReactor.java:418] - com.alibaba.nacos.client.naming.core.HostReactor do shutdown stop
2023-10-23 15:54:50,716 INFO [SpringContextShutdownHook][NamingProxy.java:719] - com.alibaba.nacos.client.naming.net.NamingProxy do shutdown begin
2023-10-23 15:54:50,716 INFO [SpringContextShutdownHook][NamingProxy.java:719] - com.alibaba.nacos.client.naming.net.NamingProxy do shutdown begin
2023-10-23 15:54:50,716 WARN [SpringContextShutdownHook][NamingHttpClientManager.java:72] - [NamingHttpClientManager] Start destroying NacosRestTemplate
2023-10-23 15:54:50,716 WARN [SpringContextShutdownHook][NamingHttpClientManager.java:72] - [NamingHttpClientManager] Start destroying NacosRestTemplate
2023-10-23 15:54:50,716 WARN [SpringContextShutdownHook][NamingHttpClientManager.java:79] - [NamingHttpClientManager] Destruction of the end
2023-10-23 15:54:50,716 WARN [SpringContextShutdownHook][NamingHttpClientManager.java:79] - [NamingHttpClientManager] Destruction of the end
2023-10-23 15:54:50,717 WARN [SpringContextShutdownHook][NamingHttpClientManager.java:72] - [NamingHttpClientManager] Start destroying NacosRestTemplate
2023-10-23 15:54:50,717 WARN [SpringContextShutdownHook][NamingHttpClientManager.java:72] - [NamingHttpClientManager] Start destroying NacosRestTemplate
2023-10-23 15:54:50,717 WARN [SpringContextShutdownHook][NamingHttpClientManager.java:79] - [NamingHttpClientManager] Destruction of the end
2023-10-23 15:54:50,717 WARN [SpringContextShutdownHook][NamingHttpClientManager.java:79] - [NamingHttpClientManager] Destruction of the end
2023-10-23 15:54:50,718 INFO [SpringContextShutdownHook][CredentialWatcher.java:105] - [null] CredentialWatcher is stopped
2023-10-23 15:54:50,718 INFO [SpringContextShutdownHook][CredentialWatcher.java:105] - [null] CredentialWatcher is stopped
2023-10-23 15:54:50,718 INFO [SpringContextShutdownHook][CredentialService.java:98] - [null] CredentialService is freed
2023-10-23 15:54:50,718 INFO [SpringContextShutdownHook][NamingProxy.java:723] - com.alibaba.nacos.client.naming.net.NamingProxy do shutdown stop
2023-10-23 15:54:50,718 INFO [SpringContextShutdownHook][CredentialService.java:98] - [null] CredentialService is freed
2023-10-23 15:54:50,718 INFO [SpringContextShutdownHook][NamingProxy.java:723] - com.alibaba.nacos.client.naming.net.NamingProxy do shutdown stop
2023-10-23 15:54:50,719 INFO [SpringContextShutdownHook][CredentialWatcher.java:105] - [null] CredentialWatcher is stopped
2023-10-23 15:54:50,719 INFO [SpringContextShutdownHook][CredentialWatcher.java:105] - [null] CredentialWatcher is stopped
2023-10-23 15:54:50,719 INFO [SpringContextShutdownHook][CredentialService.java:98] - [null] CredentialService is freed
2023-10-23 15:54:50,719 INFO [SpringContextShutdownHook][CredentialService.java:98] - [null] CredentialService is freed
2023-10-23 15:54:50,720 INFO [SpringContextShutdownHook][NamingProxy.java:723] - com.alibaba.nacos.client.naming.net.NamingProxy do shutdown stop
2023-10-23 15:54:50,720 INFO [SpringContextShutdownHook][NamingProxy.java:723] - com.alibaba.nacos.client.naming.net.NamingProxy do shutdown stop
2023-10-23 15:54:50,738 WARN [SpringContextShutdownHook][DisposableBeanAdapter.java:349] - Destroy method 'close' on bean with name 'nacosServiceRegistry' threw an exception: java.lang.NullPointerException
2023-10-23 15:54:50,738 WARN [SpringContextShutdownHook][DisposableBeanAdapter.java:349] - Destroy method 'close' on bean with name 'nacosServiceRegistry' threw an exception: java.lang.NullPointerException
2023-10-23 15:54:50,750 INFO [SpringContextShutdownHook][ExecutorConfigurationSupport.java:218] - Shutting down ExecutorService 'applicationTaskExecutor'
2023-10-23 15:54:50,750 INFO [SpringContextShutdownHook][ExecutorConfigurationSupport.java:218] - Shutting down ExecutorService 'applicationTaskExecutor'
2023-10-23 15:54:50,759 INFO [SpringContextShutdownHook][EmbedServer.java:117] - >>>>>>>>>>> xxl-job remoting server destroy success.
2023-10-23 15:54:50,759 INFO [SpringContextShutdownHook][EmbedServer.java:117] - >>>>>>>>>>> xxl-job remoting server destroy success.
2023-10-23 15:54:50,761 INFO [xxl-job, executor JobLogFileCleanThread][JobLogFileCleanThread.java:99] - >>>>>>>>>>> xxl-job, executor JobLogFileCleanThread thread destroy.
2023-10-23 15:54:50,761 INFO [xxl-job, executor JobLogFileCleanThread][JobLogFileCleanThread.java:99] - >>>>>>>>>>> xxl-job, executor JobLogFileCleanThread thread destroy.
2023-10-23 15:54:50,762 INFO [xxl-job, executor TriggerCallbackThread][TriggerCallbackThread.java:98] - >>>>>>>>>>> xxl-job, executor callback thread destroy.
2023-10-23 15:54:50,762 INFO [xxl-job, executor TriggerCallbackThread][TriggerCallbackThread.java:98] - >>>>>>>>>>> xxl-job, executor callback thread destroy.
2023-10-23 15:54:50,763 INFO [Thread-36][TriggerCallbackThread.java:128] - >>>>>>>>>>> xxl-job, executor retry callback thread destroy.
2023-10-23 15:54:50,763 INFO [Thread-36][TriggerCallbackThread.java:128] - >>>>>>>>>>> xxl-job, executor retry callback thread destroy.
2023-10-23 15:54:50,775 INFO [Thread-42][EmbedServer.java:91] - >>>>>>>>>>> xxl-job remoting server stop.
2023-10-23 15:54:50,775 INFO [Thread-42][EmbedServer.java:91] - >>>>>>>>>>> xxl-job remoting server stop.
2023-10-23 15:54:50,778 INFO [xxl-job, executor ExecutorRegistryThread][ExecutorRegistryThread.java:87] - >>>>>>>>>>> xxl-job registry-remove success, registryParam:RegistryParam{registryGroup='EXECUTOR', registryKey='media-process-service', registryValue='http://192.168.101.1:9999/'}, registryResult:ReturnT [code=200, msg=null, content=null]
2023-10-23 15:54:50,778 INFO [xxl-job, executor ExecutorRegistryThread][ExecutorRegistryThread.java:87] - >>>>>>>>>>> xxl-job registry-remove success, registryParam:RegistryParam{registryGroup='EXECUTOR', registryKey='media-process-service', registryValue='http://192.168.101.1:9999/'}, registryResult:ReturnT [code=200, msg=null, content=null]
2023-10-23 15:54:50,779 INFO [xxl-job, executor ExecutorRegistryThread][ExecutorRegistryThread.java:105] - >>>>>>>>>>> xxl-job, executor registry thread destroy.
2023-10-23 15:54:50,779 INFO [xxl-job, executor ExecutorRegistryThread][ExecutorRegistryThread.java:105] - >>>>>>>>>>> xxl-job, executor registry thread destroy.
2023-10-23 15:54:50,781 INFO [SpringContextShutdownHook][EmbedServer.java:117] - >>>>>>>>>>> xxl-job remoting server destroy success.
2023-10-23 15:54:50,781 INFO [SpringContextShutdownHook][EmbedServer.java:117] - >>>>>>>>>>> xxl-job remoting server destroy success.
2023-10-23 15:54:50,790 INFO [xxl-job, JobThread-4-1698018335799][JobThread.java:250] - >>>>>>>>>>> xxl-job JobThread stoped, hashCode:Thread[xxl-job, JobThread-4-1698018335799,10,main]
2023-10-23 15:54:50,790 INFO [xxl-job, JobThread-4-1698018335799][JobThread.java:250] - >>>>>>>>>>> xxl-job JobThread stoped, hashCode:Thread[xxl-job, JobThread-4-1698018335799,10,main]
2023-10-23 15:54:50,795 DEBUG [nioEventLoopGroup-3-3][PoolThreadCache.java:224] - Freed 8 thread-local buffer(s) from thread: nioEventLoopGroup-3-3
2023-10-23 15:54:50,795 DEBUG [nioEventLoopGroup-3-2][PoolThreadCache.java:224] - Freed 9 thread-local buffer(s) from thread: nioEventLoopGroup-3-2
2023-10-23 15:54:50,795 DEBUG [nioEventLoopGroup-3-8][PoolThreadCache.java:224] - Freed 9 thread-local buffer(s) from thread: nioEventLoopGroup-3-8
2023-10-23 15:54:50,795 DEBUG [nioEventLoopGroup-3-1][PoolThreadCache.java:224] - Freed 8 thread-local buffer(s) from thread: nioEventLoopGroup-3-1
2023-10-23 15:54:50,795 DEBUG [nioEventLoopGroup-3-6][PoolThreadCache.java:224] - Freed 9 thread-local buffer(s) from thread: nioEventLoopGroup-3-6
2023-10-23 15:54:50,795 DEBUG [nioEventLoopGroup-3-16][PoolThreadCache.java:224] - Freed 9 thread-local buffer(s) from thread: nioEventLoopGroup-3-16
2023-10-23 15:54:50,795 DEBUG [nioEventLoopGroup-3-4][PoolThreadCache.java:224] - Freed 9 thread-local buffer(s) from thread: nioEventLoopGroup-3-4
2023-10-23 15:54:50,795 DEBUG [nioEventLoopGroup-3-7][PoolThreadCache.java:224] - Freed 9 thread-local buffer(s) from thread: nioEventLoopGroup-3-7
2023-10-23 15:54:50,795 DEBUG [nioEventLoopGroup-3-13][PoolThreadCache.java:224] - Freed 9 thread-local buffer(s) from thread: nioEventLoopGroup-3-13
2023-10-23 15:54:50,795 DEBUG [nioEventLoopGroup-3-10][PoolThreadCache.java:224] - Freed 8 thread-local buffer(s) from thread: nioEventLoopGroup-3-10
2023-10-23 15:54:50,795 DEBUG [nioEventLoopGroup-3-12][PoolThreadCache.java:224] - Freed 9 thread-local buffer(s) from thread: nioEventLoopGroup-3-12
2023-10-23 15:54:50,795 DEBUG [nioEventLoopGroup-3-15][PoolThreadCache.java:224] - Freed 9 thread-local buffer(s) from thread: nioEventLoopGroup-3-15
2023-10-23 15:54:50,795 DEBUG [nioEventLoopGroup-3-16][PoolThreadCache.java:224] - Freed 9 thread-local buffer(s) from thread: nioEventLoopGroup-3-16
2023-10-23 15:54:50,795 DEBUG [nioEventLoopGroup-3-4][PoolThreadCache.java:224] - Freed 9 thread-local buffer(s) from thread: nioEventLoopGroup-3-4
2023-10-23 15:54:50,795 DEBUG [nioEventLoopGroup-3-1][PoolThreadCache.java:224] - Freed 8 thread-local buffer(s) from thread: nioEventLoopGroup-3-1
2023-10-23 15:54:50,795 DEBUG [nioEventLoopGroup-3-12][PoolThreadCache.java:224] - Freed 9 thread-local buffer(s) from thread: nioEventLoopGroup-3-12
2023-10-23 15:54:50,795 DEBUG [nioEventLoopGroup-3-13][PoolThreadCache.java:224] - Freed 9 thread-local buffer(s) from thread: nioEventLoopGroup-3-13
2023-10-23 15:54:50,795 DEBUG [nioEventLoopGroup-3-10][PoolThreadCache.java:224] - Freed 8 thread-local buffer(s) from thread: nioEventLoopGroup-3-10
2023-10-23 15:54:50,795 DEBUG [nioEventLoopGroup-3-7][PoolThreadCache.java:224] - Freed 9 thread-local buffer(s) from thread: nioEventLoopGroup-3-7
2023-10-23 15:54:50,795 DEBUG [nioEventLoopGroup-3-6][PoolThreadCache.java:224] - Freed 9 thread-local buffer(s) from thread: nioEventLoopGroup-3-6
2023-10-23 15:54:50,795 DEBUG [nioEventLoopGroup-3-3][PoolThreadCache.java:224] - Freed 8 thread-local buffer(s) from thread: nioEventLoopGroup-3-3
2023-10-23 15:54:50,795 DEBUG [nioEventLoopGroup-3-8][PoolThreadCache.java:224] - Freed 9 thread-local buffer(s) from thread: nioEventLoopGroup-3-8
2023-10-23 15:54:50,795 DEBUG [nioEventLoopGroup-3-2][PoolThreadCache.java:224] - Freed 9 thread-local buffer(s) from thread: nioEventLoopGroup-3-2
2023-10-23 15:54:50,795 DEBUG [nioEventLoopGroup-3-15][PoolThreadCache.java:224] - Freed 9 thread-local buffer(s) from thread: nioEventLoopGroup-3-15
2023-10-23 15:54:50,796 DEBUG [nioEventLoopGroup-3-9][PoolThreadCache.java:224] - Freed 9 thread-local buffer(s) from thread: nioEventLoopGroup-3-9
2023-10-23 15:54:50,796 DEBUG [nioEventLoopGroup-3-9][PoolThreadCache.java:224] - Freed 9 thread-local buffer(s) from thread: nioEventLoopGroup-3-9
2023-10-23 15:54:50,797 DEBUG [nioEventLoopGroup-3-11][PoolThreadCache.java:224] - Freed 8 thread-local buffer(s) from thread: nioEventLoopGroup-3-11
2023-10-23 15:54:50,797 DEBUG [nioEventLoopGroup-3-11][PoolThreadCache.java:224] - Freed 8 thread-local buffer(s) from thread: nioEventLoopGroup-3-11
2023-10-23 15:54:50,799 INFO [xxl-job, executor JobLogFileCleanThread][JobLogFileCleanThread.java:99] - >>>>>>>>>>> xxl-job, executor JobLogFileCleanThread thread destroy.
2023-10-23 15:54:50,799 INFO [xxl-job, executor JobLogFileCleanThread][JobLogFileCleanThread.java:99] - >>>>>>>>>>> xxl-job, executor JobLogFileCleanThread thread destroy.
2023-10-23 15:54:50,800 DEBUG [nioEventLoopGroup-3-14][PoolThreadCache.java:224] - Freed 9 thread-local buffer(s) from thread: nioEventLoopGroup-3-14
2023-10-23 15:54:50,800 DEBUG [nioEventLoopGroup-3-14][PoolThreadCache.java:224] - Freed 9 thread-local buffer(s) from thread: nioEventLoopGroup-3-14
2023-10-23 15:54:50,801 INFO [xxl-job, executor TriggerCallbackThread][TriggerCallbackThread.java:98] - >>>>>>>>>>> xxl-job, executor callback thread destroy.
2023-10-23 15:54:50,801 INFO [xxl-job, executor TriggerCallbackThread][TriggerCallbackThread.java:98] - >>>>>>>>>>> xxl-job, executor callback thread destroy.
2023-10-23 15:54:50,805 INFO [Thread-41][TriggerCallbackThread.java:128] - >>>>>>>>>>> xxl-job, executor retry callback thread destroy.
2023-10-23 15:54:50,805 INFO [Thread-41][TriggerCallbackThread.java:128] - >>>>>>>>>>> xxl-job, executor retry callback thread destroy.
2023-10-23 15:54:50,817 INFO [SpringContextShutdownHook][HikariDataSource.java:350] - HikariPool-1 - Shutdown initiated...
2023-10-23 15:54:50,817 INFO [SpringContextShutdownHook][HikariDataSource.java:350] - HikariPool-1 - Shutdown initiated...
2023-10-23 15:54:50,818 DEBUG [SpringContextShutdownHook][HikariPool.java:421] - HikariPool-1 - Before shutdown stats (total=10, active=0, idle=10, waiting=0)
2023-10-23 15:54:50,818 DEBUG [SpringContextShutdownHook][HikariPool.java:421] - HikariPool-1 - Before shutdown stats (total=10, active=0, idle=10, waiting=0)
2023-10-23 15:54:50,824 DEBUG [HikariPool-1 connection closer][PoolBase.java:134] - HikariPool-1 - Closing connection com.mysql.cj.jdbc.ConnectionImpl@34bed3e8: (connection evicted)
2023-10-23 15:54:50,824 DEBUG [HikariPool-1 connection closer][PoolBase.java:134] - HikariPool-1 - Closing connection com.mysql.cj.jdbc.ConnectionImpl@34bed3e8: (connection evicted)
2023-10-23 15:54:50,826 DEBUG [HikariPool-1 connection closer][PoolBase.java:134] - HikariPool-1 - Closing connection com.mysql.cj.jdbc.ConnectionImpl@585d34d9: (connection evicted)
2023-10-23 15:54:50,826 DEBUG [HikariPool-1 connection closer][PoolBase.java:134] - HikariPool-1 - Closing connection com.mysql.cj.jdbc.ConnectionImpl@585d34d9: (connection evicted)
2023-10-23 15:54:50,828 DEBUG [HikariPool-1 connection closer][PoolBase.java:134] - HikariPool-1 - Closing connection com.mysql.cj.jdbc.ConnectionImpl@2c881c42: (connection evicted)
2023-10-23 15:54:50,828 DEBUG [HikariPool-1 connection closer][PoolBase.java:134] - HikariPool-1 - Closing connection com.mysql.cj.jdbc.ConnectionImpl@2c881c42: (connection evicted)
2023-10-23 15:54:50,830 DEBUG [HikariPool-1 connection closer][PoolBase.java:134] - HikariPool-1 - Closing connection com.mysql.cj.jdbc.ConnectionImpl@2af8aba9: (connection evicted)
2023-10-23 15:54:50,830 DEBUG [HikariPool-1 connection closer][PoolBase.java:134] - HikariPool-1 - Closing connection com.mysql.cj.jdbc.ConnectionImpl@2af8aba9: (connection evicted)
2023-10-23 15:54:50,831 DEBUG [HikariPool-1 connection closer][PoolBase.java:134] - HikariPool-1 - Closing connection com.mysql.cj.jdbc.ConnectionImpl@768bdd83: (connection evicted)
2023-10-23 15:54:50,831 DEBUG [HikariPool-1 connection closer][PoolBase.java:134] - HikariPool-1 - Closing connection com.mysql.cj.jdbc.ConnectionImpl@768bdd83: (connection evicted)
2023-10-23 15:54:50,832 DEBUG [HikariPool-1 connection closer][PoolBase.java:134] - HikariPool-1 - Closing connection com.mysql.cj.jdbc.ConnectionImpl@2f088ed: (connection evicted)
2023-10-23 15:54:50,832 DEBUG [HikariPool-1 connection closer][PoolBase.java:134] - HikariPool-1 - Closing connection com.mysql.cj.jdbc.ConnectionImpl@2f088ed: (connection evicted)
2023-10-23 15:54:50,834 DEBUG [HikariPool-1 connection closer][PoolBase.java:134] - HikariPool-1 - Closing connection com.mysql.cj.jdbc.ConnectionImpl@643179f6: (connection evicted)
2023-10-23 15:54:50,834 DEBUG [HikariPool-1 connection closer][PoolBase.java:134] - HikariPool-1 - Closing connection com.mysql.cj.jdbc.ConnectionImpl@643179f6: (connection evicted)
2023-10-23 15:54:50,836 DEBUG [HikariPool-1 connection closer][PoolBase.java:134] - HikariPool-1 - Closing connection com.mysql.cj.jdbc.ConnectionImpl@57e81d6e: (connection evicted)
2023-10-23 15:54:50,836 DEBUG [HikariPool-1 connection closer][PoolBase.java:134] - HikariPool-1 - Closing connection com.mysql.cj.jdbc.ConnectionImpl@57e81d6e: (connection evicted)
2023-10-23 15:54:50,836 DEBUG [HikariPool-1 connection closer][PoolBase.java:134] - HikariPool-1 - Closing connection com.mysql.cj.jdbc.ConnectionImpl@22af1cf: (connection evicted)
2023-10-23 15:54:50,836 DEBUG [HikariPool-1 connection closer][PoolBase.java:134] - HikariPool-1 - Closing connection com.mysql.cj.jdbc.ConnectionImpl@22af1cf: (connection evicted)
2023-10-23 15:54:50,837 DEBUG [HikariPool-1 connection closer][PoolBase.java:134] - HikariPool-1 - Closing connection com.mysql.cj.jdbc.ConnectionImpl@722352da: (connection evicted)
2023-10-23 15:54:50,837 DEBUG [HikariPool-1 connection closer][PoolBase.java:134] - HikariPool-1 - Closing connection com.mysql.cj.jdbc.ConnectionImpl@722352da: (connection evicted)
2023-10-23 15:54:50,838 DEBUG [SpringContextShutdownHook][HikariPool.java:421] - HikariPool-1 - After shutdown stats (total=0, active=0, idle=0, waiting=0)
2023-10-23 15:54:50,838 DEBUG [SpringContextShutdownHook][HikariPool.java:421] - HikariPool-1 - After shutdown stats (total=0, active=0, idle=0, waiting=0)
2023-10-23 15:54:50,838 INFO [SpringContextShutdownHook][HikariDataSource.java:352] - HikariPool-1 - Shutdown completed.
2023-10-23 15:54:50,838 INFO [SpringContextShutdownHook][HikariDataSource.java:352] - HikariPool-1 - Shutdown completed.
2023-10-23 15:54:51,154 INFO [SpringContextShutdownHook][PushReceiver.java:132] - com.alibaba.nacos.client.naming.core.PushReceiver do shutdown begin
2023-10-23 15:54:51,154 INFO [SpringContextShutdownHook][PushReceiver.java:132] - com.alibaba.nacos.client.naming.core.PushReceiver do shutdown begin
2023-10-23 15:54:52,106 DEBUG [HikariPool-1 housekeeper][HikariPool.java:421] - HikariPool-1 - Pool stats (total=10, active=0, idle=10, waiting=0)
2023-10-23 15:54:52,106 DEBUG [HikariPool-1 housekeeper][HikariPool.java:517] - HikariPool-1 - Fill pool skipped, pool is at sufficient level.
2023-10-23 15:54:52,106 DEBUG [HikariPool-1 housekeeper][HikariPool.java:421] - HikariPool-1 - Pool stats (total=10, active=0, idle=10, waiting=0)
2023-10-23 15:54:52,106 DEBUG [HikariPool-1 housekeeper][HikariPool.java:517] - HikariPool-1 - Fill pool skipped, pool is at sufficient level.
2023-10-23 15:54:54,178 INFO [SpringContextShutdownHook][PushReceiver.java:136] - com.alibaba.nacos.client.naming.core.PushReceiver do shutdown stop
2023-10-23 15:54:54,178 INFO [SpringContextShutdownHook][PushReceiver.java:136] - com.alibaba.nacos.client.naming.core.PushReceiver do shutdown stop
2023-10-23 15:54:54,180 INFO [SpringContextShutdownHook][FailoverReactor.java:132] - com.alibaba.nacos.client.naming.backups.FailoverReactor do shutdown begin
2023-10-23 15:54:54,180 INFO [SpringContextShutdownHook][FailoverReactor.java:132] - com.alibaba.nacos.client.naming.backups.FailoverReactor do shutdown begin
2023-10-23 15:54:54,180 INFO [SpringContextShutdownHook][FailoverReactor.java:134] - com.alibaba.nacos.client.naming.backups.FailoverReactor do shutdown stop
2023-10-23 15:54:54,180 INFO [SpringContextShutdownHook][FailoverReactor.java:134] - com.alibaba.nacos.client.naming.backups.FailoverReactor do shutdown stop
2023-10-23 15:54:54,181 INFO [SpringContextShutdownHook][HostReactor.java:418] - com.alibaba.nacos.client.naming.core.HostReactor do shutdown stop
2023-10-23 15:54:54,181 INFO [SpringContextShutdownHook][HostReactor.java:418] - com.alibaba.nacos.client.naming.core.HostReactor do shutdown stop
2023-10-23 15:54:54,181 INFO [SpringContextShutdownHook][NamingProxy.java:719] - com.alibaba.nacos.client.naming.net.NamingProxy do shutdown begin
2023-10-23 15:54:54,181 INFO [SpringContextShutdownHook][NamingProxy.java:719] - com.alibaba.nacos.client.naming.net.NamingProxy do shutdown begin
2023-10-23 15:54:54,181 WARN [SpringContextShutdownHook][NamingHttpClientManager.java:72] - [NamingHttpClientManager] Start destroying NacosRestTemplate
2023-10-23 15:54:54,181 WARN [SpringContextShutdownHook][NamingHttpClientManager.java:72] - [NamingHttpClientManager] Start destroying NacosRestTemplate
2023-10-23 15:54:54,182 WARN [SpringContextShutdownHook][NamingHttpClientManager.java:79] - [NamingHttpClientManager] Destruction of the end
2023-10-23 15:54:54,182 WARN [SpringContextShutdownHook][NamingHttpClientManager.java:79] - [NamingHttpClientManager] Destruction of the end
2023-10-23 15:54:54,182 INFO [SpringContextShutdownHook][CredentialWatcher.java:105] - [null] CredentialWatcher is stopped
2023-10-23 15:54:54,182 INFO [SpringContextShutdownHook][CredentialWatcher.java:105] - [null] CredentialWatcher is stopped
2023-10-23 15:54:54,183 INFO [SpringContextShutdownHook][CredentialService.java:98] - [null] CredentialService is freed
2023-10-23 15:54:54,183 INFO [SpringContextShutdownHook][CredentialService.java:98] - [null] CredentialService is freed
2023-10-23 15:54:54,183 INFO [SpringContextShutdownHook][NamingProxy.java:723] - com.alibaba.nacos.client.naming.net.NamingProxy do shutdown stop
2023-10-23 15:54:54,183 INFO [SpringContextShutdownHook][NamingProxy.java:723] - com.alibaba.nacos.client.naming.net.NamingProxy do shutdown stop
2023-10-23 15:54:54,188 WARN [SpringContextShutdownHook][DisposableBeanAdapter.java:346] - Destroy method 'close' on bean with name 'nacosServiceRegistry' threw an exception
java.lang.NullPointerException
	at com.alibaba.cloud.nacos.NacosServiceManager.nacosServiceShutDown(NacosServiceManager.java:115)
	at com.alibaba.cloud.nacos.registry.NacosServiceRegistry.close(NacosServiceRegistry.java:120)
	at sun.reflect.NativeMethodAccessorImpl.invoke0(Native Method)
	at sun.reflect.NativeMethodAccessorImpl.invoke(NativeMethodAccessorImpl.java:62)
	at sun.reflect.DelegatingMethodAccessorImpl.invoke(DelegatingMethodAccessorImpl.java:43)
	at java.lang.reflect.Method.invoke(Method.java:498)
	at org.springframework.beans.factory.support.DisposableBeanAdapter.invokeCustomDestroyMethod(DisposableBeanAdapter.java:339)
	at org.springframework.beans.factory.support.DisposableBeanAdapter.destroy(DisposableBeanAdapter.java:273)
	at org.springframework.beans.factory.support.DefaultSingletonBeanRegistry.destroyBean(DefaultSingletonBeanRegistry.java:587)
	at org.springframework.beans.factory.support.DefaultSingletonBeanRegistry.destroySingleton(DefaultSingletonBeanRegistry.java:559)
	at org.springframework.beans.factory.support.DefaultListableBeanFactory.destroySingleton(DefaultListableBeanFactory.java:1092)
	at org.springframework.beans.factory.support.DefaultSingletonBeanRegistry.destroySingletons(DefaultSingletonBeanRegistry.java:520)
	at org.springframework.beans.factory.support.DefaultListableBeanFactory.destroySingletons(DefaultListableBeanFactory.java:1085)
	at org.springframework.context.support.AbstractApplicationContext.destroyBeans(AbstractApplicationContext.java:1061)
	at org.springframework.context.support.AbstractApplicationContext.doClose(AbstractApplicationContext.java:1030)
	at org.springframework.boot.web.servlet.context.ServletWebServerApplicationContext.doClose(ServletWebServerApplicationContext.java:170)
	at org.springframework.context.support.AbstractApplicationContext$1.run(AbstractApplicationContext.java:949)
2023-10-23 15:54:54,188 WARN [SpringContextShutdownHook][DisposableBeanAdapter.java:346] - Destroy method 'close' on bean with name 'nacosServiceRegistry' threw an exception
java.lang.NullPointerException
	at com.alibaba.cloud.nacos.NacosServiceManager.nacosServiceShutDown(NacosServiceManager.java:115)
	at com.alibaba.cloud.nacos.registry.NacosServiceRegistry.close(NacosServiceRegistry.java:120)
	at sun.reflect.NativeMethodAccessorImpl.invoke0(Native Method)
	at sun.reflect.NativeMethodAccessorImpl.invoke(NativeMethodAccessorImpl.java:62)
	at sun.reflect.DelegatingMethodAccessorImpl.invoke(DelegatingMethodAccessorImpl.java:43)
	at java.lang.reflect.Method.invoke(Method.java:498)
	at org.springframework.beans.factory.support.DisposableBeanAdapter.invokeCustomDestroyMethod(DisposableBeanAdapter.java:339)
	at org.springframework.beans.factory.support.DisposableBeanAdapter.destroy(DisposableBeanAdapter.java:273)
	at org.springframework.beans.factory.support.DefaultSingletonBeanRegistry.destroyBean(DefaultSingletonBeanRegistry.java:587)
	at org.springframework.beans.factory.support.DefaultSingletonBeanRegistry.destroySingleton(DefaultSingletonBeanRegistry.java:559)
	at org.springframework.beans.factory.support.DefaultListableBeanFactory.destroySingleton(DefaultListableBeanFactory.java:1092)
	at org.springframework.beans.factory.support.DefaultSingletonBeanRegistry.destroySingletons(DefaultSingletonBeanRegistry.java:520)
	at org.springframework.beans.factory.support.DefaultListableBeanFactory.destroySingletons(DefaultListableBeanFactory.java:1085)
	at org.springframework.context.support.AbstractApplicationContext.destroyBeans(AbstractApplicationContext.java:1061)
	at org.springframework.context.support.AbstractApplicationContext.doClose(AbstractApplicationContext.java:1030)
	at org.springframework.boot.web.servlet.context.ServletWebServerApplicationContext.doClose(ServletWebServerApplicationContext.java:170)
	at org.springframework.context.support.AbstractApplicationContext$1.run(AbstractApplicationContext.java:949)
2023-10-23 15:54:54,227 DEBUG [SpringContextShutdownHook][MBeanExporter.java:452] - Unregistering JMX-exposed beans on shutdown
2023-10-23 15:54:54,227 DEBUG [SpringContextShutdownHook][MBeanExporter.java:452] - Unregistering JMX-exposed beans on shutdown
2023-10-23 15:54:54,229 DEBUG [SpringContextShutdownHook][MBeanRegistrationSupport.java:186] - Unregistering JMX-exposed beans
2023-10-23 15:54:54,229 DEBUG [SpringContextShutdownHook][MBeanRegistrationSupport.java:186] - Unregistering JMX-exposed beans
2023-10-23 15:54:54,230 INFO [SpringContextShutdownHook][ExecutorConfigurationSupport.java:218] - Shutting down ExecutorService 'applicationTaskExecutor'
2023-10-23 15:54:54,230 INFO [SpringContextShutdownHook][ExecutorConfigurationSupport.java:218] - Shutting down ExecutorService 'applicationTaskExecutor'
2023-10-23 15:54:54,246 INFO [Thread-44][EmbedServer.java:91] - >>>>>>>>>>> xxl-job remoting server stop.
2023-10-23 15:54:54,246 INFO [Thread-44][EmbedServer.java:91] - >>>>>>>>>>> xxl-job remoting server stop.
2023-10-23 15:54:54,257 DEBUG [nioEventLoopGroup-3-1][PoolThreadCache.java:224] - Freed 3 thread-local buffer(s) from thread: nioEventLoopGroup-3-1
2023-10-23 15:54:54,257 DEBUG [nioEventLoopGroup-3-1][PoolThreadCache.java:224] - Freed 3 thread-local buffer(s) from thread: nioEventLoopGroup-3-1
2023-10-23 15:54:54,257 DEBUG [nioEventLoopGroup-3-11][PoolThreadCache.java:224] - Freed 3 thread-local buffer(s) from thread: nioEventLoopGroup-3-11
2023-10-23 15:54:54,257 DEBUG [nioEventLoopGroup-3-4][PoolThreadCache.java:224] - Freed 3 thread-local buffer(s) from thread: nioEventLoopGroup-3-4
2023-10-23 15:54:54,257 DEBUG [nioEventLoopGroup-3-6][PoolThreadCache.java:224] - Freed 3 thread-local buffer(s) from thread: nioEventLoopGroup-3-6
2023-10-23 15:54:54,257 DEBUG [nioEventLoopGroup-3-13][PoolThreadCache.java:224] - Freed 3 thread-local buffer(s) from thread: nioEventLoopGroup-3-13
2023-10-23 15:54:54,257 DEBUG [nioEventLoopGroup-3-2][PoolThreadCache.java:224] - Freed 3 thread-local buffer(s) from thread: nioEventLoopGroup-3-2
2023-10-23 15:54:54,257 DEBUG [nioEventLoopGroup-3-5][PoolThreadCache.java:224] - Freed 2 thread-local buffer(s) from thread: nioEventLoopGroup-3-5
2023-10-23 15:54:54,257 DEBUG [nioEventLoopGroup-3-15][PoolThreadCache.java:224] - Freed 3 thread-local buffer(s) from thread: nioEventLoopGroup-3-15
2023-10-23 15:54:54,257 DEBUG [nioEventLoopGroup-3-2][PoolThreadCache.java:224] - Freed 3 thread-local buffer(s) from thread: nioEventLoopGroup-3-2
2023-10-23 15:54:54,257 DEBUG [nioEventLoopGroup-3-13][PoolThreadCache.java:224] - Freed 3 thread-local buffer(s) from thread: nioEventLoopGroup-3-13
2023-10-23 15:54:54,257 DEBUG [nioEventLoopGroup-3-11][PoolThreadCache.java:224] - Freed 3 thread-local buffer(s) from thread: nioEventLoopGroup-3-11
2023-10-23 15:54:54,257 DEBUG [nioEventLoopGroup-3-6][PoolThreadCache.java:224] - Freed 3 thread-local buffer(s) from thread: nioEventLoopGroup-3-6
2023-10-23 15:54:54,257 DEBUG [nioEventLoopGroup-3-7][PoolThreadCache.java:224] - Freed 3 thread-local buffer(s) from thread: nioEventLoopGroup-3-7
2023-10-23 15:54:54,257 DEBUG [nioEventLoopGroup-3-5][PoolThreadCache.java:224] - Freed 2 thread-local buffer(s) from thread: nioEventLoopGroup-3-5
2023-10-23 15:54:54,257 DEBUG [nioEventLoopGroup-3-3][PoolThreadCache.java:224] - Freed 3 thread-local buffer(s) from thread: nioEventLoopGroup-3-3
2023-10-23 15:54:54,257 DEBUG [nioEventLoopGroup-3-10][PoolThreadCache.java:224] - Freed 3 thread-local buffer(s) from thread: nioEventLoopGroup-3-10
2023-10-23 15:54:54,257 DEBUG [nioEventLoopGroup-3-9][PoolThreadCache.java:224] - Freed 3 thread-local buffer(s) from thread: nioEventLoopGroup-3-9
2023-10-23 15:54:54,257 DEBUG [nioEventLoopGroup-3-16][PoolThreadCache.java:224] - Freed 3 thread-local buffer(s) from thread: nioEventLoopGroup-3-16
2023-10-23 15:54:54,257 DEBUG [nioEventLoopGroup-3-12][PoolThreadCache.java:224] - Freed 3 thread-local buffer(s) from thread: nioEventLoopGroup-3-12
2023-10-23 15:54:54,257 DEBUG [nioEventLoopGroup-3-16][PoolThreadCache.java:224] - Freed 3 thread-local buffer(s) from thread: nioEventLoopGroup-3-16
2023-10-23 15:54:54,257 DEBUG [nioEventLoopGroup-3-4][PoolThreadCache.java:224] - Freed 3 thread-local buffer(s) from thread: nioEventLoopGroup-3-4
2023-10-23 15:54:54,257 DEBUG [nioEventLoopGroup-3-8][PoolThreadCache.java:224] - Freed 3 thread-local buffer(s) from thread: nioEventLoopGroup-3-8
2023-10-23 15:54:54,257 DEBUG [nioEventLoopGroup-3-3][PoolThreadCache.java:224] - Freed 3 thread-local buffer(s) from thread: nioEventLoopGroup-3-3
2023-10-23 15:54:54,257 DEBUG [nioEventLoopGroup-3-7][PoolThreadCache.java:224] - Freed 3 thread-local buffer(s) from thread: nioEventLoopGroup-3-7
2023-10-23 15:54:54,257 DEBUG [nioEventLoopGroup-3-8][PoolThreadCache.java:224] - Freed 3 thread-local buffer(s) from thread: nioEventLoopGroup-3-8
2023-10-23 15:54:54,257 DEBUG [nioEventLoopGroup-3-10][PoolThreadCache.java:224] - Freed 3 thread-local buffer(s) from thread: nioEventLoopGroup-3-10
2023-10-23 15:54:54,257 DEBUG [nioEventLoopGroup-3-12][PoolThreadCache.java:224] - Freed 3 thread-local buffer(s) from thread: nioEventLoopGroup-3-12
2023-10-23 15:54:54,257 DEBUG [nioEventLoopGroup-3-9][PoolThreadCache.java:224] - Freed 3 thread-local buffer(s) from thread: nioEventLoopGroup-3-9
2023-10-23 15:54:54,257 DEBUG [nioEventLoopGroup-3-15][PoolThreadCache.java:224] - Freed 3 thread-local buffer(s) from thread: nioEventLoopGroup-3-15
2023-10-23 15:54:54,260 INFO [xxl-job, executor ExecutorRegistryThread][ExecutorRegistryThread.java:87] - >>>>>>>>>>> xxl-job registry-remove success, registryParam:RegistryParam{registryGroup='EXECUTOR', registryKey='coursepublish-job', registryValue='http://192.168.101.1:8999/'}, registryResult:ReturnT [code=200, msg=null, content=null]
2023-10-23 15:54:54,260 INFO [xxl-job, executor ExecutorRegistryThread][ExecutorRegistryThread.java:87] - >>>>>>>>>>> xxl-job registry-remove success, registryParam:RegistryParam{registryGroup='EXECUTOR', registryKey='coursepublish-job', registryValue='http://192.168.101.1:8999/'}, registryResult:ReturnT [code=200, msg=null, content=null]
2023-10-23 15:54:54,261 INFO [xxl-job, executor ExecutorRegistryThread][ExecutorRegistryThread.java:105] - >>>>>>>>>>> xxl-job, executor registry thread destroy.
2023-10-23 15:54:54,261 INFO [xxl-job, executor ExecutorRegistryThread][ExecutorRegistryThread.java:105] - >>>>>>>>>>> xxl-job, executor registry thread destroy.
2023-10-23 15:54:54,265 INFO [SpringContextShutdownHook][EmbedServer.java:117] - >>>>>>>>>>> xxl-job remoting server destroy success.
2023-10-23 15:54:54,265 INFO [SpringContextShutdownHook][EmbedServer.java:117] - >>>>>>>>>>> xxl-job remoting server destroy success.
2023-10-23 15:54:54,267 INFO [xxl-job, JobThread-5-1698041960140][JobThread.java:250] - >>>>>>>>>>> xxl-job JobThread stoped, hashCode:Thread[xxl-job, JobThread-5-1698041960140,10,main]
2023-10-23 15:54:54,267 INFO [xxl-job, JobThread-5-1698041960140][JobThread.java:250] - >>>>>>>>>>> xxl-job JobThread stoped, hashCode:Thread[xxl-job, JobThread-5-1698041960140,10,main]
2023-10-23 15:54:54,268 INFO [xxl-job, executor JobLogFileCleanThread][JobLogFileCleanThread.java:99] - >>>>>>>>>>> xxl-job, executor JobLogFileCleanThread thread destroy.
2023-10-23 15:54:54,268 INFO [xxl-job, executor JobLogFileCleanThread][JobLogFileCleanThread.java:99] - >>>>>>>>>>> xxl-job, executor JobLogFileCleanThread thread destroy.
2023-10-23 15:54:54,269 INFO [xxl-job, executor TriggerCallbackThread][TriggerCallbackThread.java:98] - >>>>>>>>>>> xxl-job, executor callback thread destroy.
2023-10-23 15:54:54,269 INFO [xxl-job, executor TriggerCallbackThread][TriggerCallbackThread.java:98] - >>>>>>>>>>> xxl-job, executor callback thread destroy.
2023-10-23 15:54:54,270 INFO [Thread-43][TriggerCallbackThread.java:128] - >>>>>>>>>>> xxl-job, executor retry callback thread destroy.
2023-10-23 15:54:54,270 INFO [Thread-43][TriggerCallbackThread.java:128] - >>>>>>>>>>> xxl-job, executor retry callback thread destroy.
2023-10-23 15:54:54,276 INFO [SpringContextShutdownHook][HikariDataSource.java:350] - HikariPool-1 - Shutdown initiated...
2023-10-23 15:54:54,276 INFO [SpringContextShutdownHook][HikariDataSource.java:350] - HikariPool-1 - Shutdown initiated...
2023-10-23 15:54:54,276 DEBUG [SpringContextShutdownHook][HikariPool.java:421] - HikariPool-1 - Before shutdown stats (total=10, active=0, idle=10, waiting=0)
2023-10-23 15:54:54,276 DEBUG [SpringContextShutdownHook][HikariPool.java:421] - HikariPool-1 - Before shutdown stats (total=10, active=0, idle=10, waiting=0)
2023-10-23 15:54:54,278 DEBUG [HikariPool-1 connection closer][PoolBase.java:134] - HikariPool-1 - Closing connection com.mysql.cj.jdbc.ConnectionImpl@15771191: (connection evicted)
2023-10-23 15:54:54,278 DEBUG [HikariPool-1 connection closer][PoolBase.java:134] - HikariPool-1 - Closing connection com.mysql.cj.jdbc.ConnectionImpl@15771191: (connection evicted)
2023-10-23 15:54:54,278 DEBUG [HikariPool-1 connection closer][PoolBase.java:134] - HikariPool-1 - Closing connection com.mysql.cj.jdbc.ConnectionImpl@661838e2: (connection evicted)
2023-10-23 15:54:54,278 DEBUG [HikariPool-1 connection closer][PoolBase.java:134] - HikariPool-1 - Closing connection com.mysql.cj.jdbc.ConnectionImpl@661838e2: (connection evicted)
2023-10-23 15:54:54,280 DEBUG [HikariPool-1 connection closer][PoolBase.java:134] - HikariPool-1 - Closing connection com.mysql.cj.jdbc.ConnectionImpl@110623ac: (connection evicted)
2023-10-23 15:54:54,280 DEBUG [HikariPool-1 connection closer][PoolBase.java:134] - HikariPool-1 - Closing connection com.mysql.cj.jdbc.ConnectionImpl@110623ac: (connection evicted)
2023-10-23 15:54:54,281 DEBUG [HikariPool-1 connection closer][PoolBase.java:134] - HikariPool-1 - Closing connection com.mysql.cj.jdbc.ConnectionImpl@1d1a47c1: (connection evicted)
2023-10-23 15:54:54,281 DEBUG [HikariPool-1 connection closer][PoolBase.java:134] - HikariPool-1 - Closing connection com.mysql.cj.jdbc.ConnectionImpl@1d1a47c1: (connection evicted)
2023-10-23 15:54:54,283 DEBUG [HikariPool-1 connection closer][PoolBase.java:134] - HikariPool-1 - Closing connection com.mysql.cj.jdbc.ConnectionImpl@698a65c6: (connection evicted)
2023-10-23 15:54:54,283 DEBUG [HikariPool-1 connection closer][PoolBase.java:134] - HikariPool-1 - Closing connection com.mysql.cj.jdbc.ConnectionImpl@698a65c6: (connection evicted)
2023-10-23 15:54:54,284 DEBUG [HikariPool-1 connection closer][PoolBase.java:134] - HikariPool-1 - Closing connection com.mysql.cj.jdbc.ConnectionImpl@125ea6ab: (connection evicted)
2023-10-23 15:54:54,284 DEBUG [HikariPool-1 connection closer][PoolBase.java:134] - HikariPool-1 - Closing connection com.mysql.cj.jdbc.ConnectionImpl@125ea6ab: (connection evicted)
2023-10-23 15:54:54,285 DEBUG [HikariPool-1 connection closer][PoolBase.java:134] - HikariPool-1 - Closing connection com.mysql.cj.jdbc.ConnectionImpl@44ae13bb: (connection evicted)
2023-10-23 15:54:54,285 DEBUG [HikariPool-1 connection closer][PoolBase.java:134] - HikariPool-1 - Closing connection com.mysql.cj.jdbc.ConnectionImpl@44ae13bb: (connection evicted)
2023-10-23 15:54:54,285 DEBUG [HikariPool-1 connection closer][PoolBase.java:134] - HikariPool-1 - Closing connection com.mysql.cj.jdbc.ConnectionImpl@798e6992: (connection evicted)
2023-10-23 15:54:54,285 DEBUG [HikariPool-1 connection closer][PoolBase.java:134] - HikariPool-1 - Closing connection com.mysql.cj.jdbc.ConnectionImpl@798e6992: (connection evicted)
2023-10-23 15:54:54,285 DEBUG [HikariPool-1 connection closer][PoolBase.java:134] - HikariPool-1 - Closing connection com.mysql.cj.jdbc.ConnectionImpl@f5cb344: (connection evicted)
2023-10-23 15:54:54,285 DEBUG [HikariPool-1 connection closer][PoolBase.java:134] - HikariPool-1 - Closing connection com.mysql.cj.jdbc.ConnectionImpl@f5cb344: (connection evicted)
2023-10-23 15:54:54,286 DEBUG [HikariPool-1 connection closer][PoolBase.java:134] - HikariPool-1 - Closing connection com.mysql.cj.jdbc.ConnectionImpl@7b5e57b9: (connection evicted)
2023-10-23 15:54:54,286 DEBUG [HikariPool-1 connection closer][PoolBase.java:134] - HikariPool-1 - Closing connection com.mysql.cj.jdbc.ConnectionImpl@7b5e57b9: (connection evicted)
2023-10-23 15:54:54,287 DEBUG [SpringContextShutdownHook][HikariPool.java:421] - HikariPool-1 - After shutdown stats (total=0, active=0, idle=0, waiting=0)
2023-10-23 15:54:54,287 DEBUG [SpringContextShutdownHook][HikariPool.java:421] - HikariPool-1 - After shutdown stats (total=0, active=0, idle=0, waiting=0)
2023-10-23 15:54:54,287 INFO [SpringContextShutdownHook][HikariDataSource.java:352] - HikariPool-1 - Shutdown completed.
2023-10-23 15:54:54,287 INFO [SpringContextShutdownHook][HikariDataSource.java:352] - HikariPool-1 - Shutdown completed.
