2023-09-20 19:00:29,471 INFO [http-nio-63040-exec-1][DirectJDKLog.java:173] - Initializing Spring DispatcherServlet 'dispatcherServlet'
2023-09-20 19:00:29,471 INFO [http-nio-63040-exec-1][DirectJDKLog.java:173] - Initializing Spring DispatcherServlet 'dispatcherServlet'
2023-09-20 19:00:29,485 INFO [http-nio-63040-exec-1][FrameworkServlet.java:525] - Initializing Servlet 'dispatcherServlet'
2023-09-20 19:00:29,485 INFO [http-nio-63040-exec-1][FrameworkServlet.java:525] - Initializing Servlet 'dispatcherServlet'
2023-09-20 19:00:29,486 DEBUG [http-nio-63040-exec-1][DispatcherServlet.java:526] - Detected StandardServletMultipartResolver
2023-09-20 19:00:29,486 DEBUG [http-nio-63040-exec-1][DispatcherServlet.java:526] - Detected StandardServletMultipartResolver
2023-09-20 19:00:29,495 DEBUG [http-nio-63040-exec-1][FrameworkServlet.java:542] - enableLoggingRequestDetails='false': request parameters and headers will be masked to prevent unsafe logging of potentially sensitive data
2023-09-20 19:00:29,495 DEBUG [http-nio-63040-exec-1][FrameworkServlet.java:542] - enableLoggingRequestDetails='false': request parameters and headers will be masked to prevent unsafe logging of potentially sensitive data
2023-09-20 19:00:29,495 INFO [http-nio-63040-exec-1][FrameworkServlet.java:547] - Completed initialization in 10 ms
2023-09-20 19:00:29,495 INFO [http-nio-63040-exec-1][FrameworkServlet.java:547] - Completed initialization in 10 ms
2023-09-20 19:00:29,510 DEBUG [http-nio-63040-exec-1][LogFormatUtils.java:91] - PUT "/content/course", parameters={}
2023-09-20 19:00:29,510 DEBUG [http-nio-63040-exec-1][LogFormatUtils.java:91] - PUT "/content/course", parameters={}
2023-09-20 19:00:29,516 DEBUG [http-nio-63040-exec-1][AbstractHandlerMapping.java:415] - Mapped to com.xuecheng.content.api.CourseBaseInfoController#updateCourseBase(EditCourseDto)
2023-09-20 19:00:29,516 DEBUG [http-nio-63040-exec-1][AbstractHandlerMapping.java:415] - Mapped to com.xuecheng.content.api.CourseBaseInfoController#updateCourseBase(EditCourseDto)
2023-09-20 19:00:29,589 DEBUG [http-nio-63040-exec-1][LogFormatUtils.java:91] - Read "application/json;charset=utf-8" to [EditCourseDto(id=133)]
2023-09-20 19:00:29,589 DEBUG [http-nio-63040-exec-1][LogFormatUtils.java:91] - Read "application/json;charset=utf-8" to [EditCourseDto(id=133)]
2023-09-20 19:00:29,697 DEBUG [http-nio-63040-exec-1][Logger.java:49] - Creating a new SqlSession
2023-09-20 19:00:29,697 DEBUG [http-nio-63040-exec-1][Logger.java:49] - Creating a new SqlSession
2023-09-20 19:00:29,708 DEBUG [http-nio-63040-exec-1][Logger.java:49] - SqlSession [org.apache.ibatis.session.defaults.DefaultSqlSession@10991457] was not registered for synchronization because synchronization is not active
2023-09-20 19:00:29,708 DEBUG [http-nio-63040-exec-1][Logger.java:49] - SqlSession [org.apache.ibatis.session.defaults.DefaultSqlSession@10991457] was not registered for synchronization because synchronization is not active
2023-09-20 19:00:29,719 DEBUG [http-nio-63040-exec-1][DataSourceUtils.java:115] - Fetching JDBC Connection from DataSource
2023-09-20 19:00:29,719 DEBUG [http-nio-63040-exec-1][DataSourceUtils.java:115] - Fetching JDBC Connection from DataSource
2023-09-20 19:00:29,720 DEBUG [http-nio-63040-exec-1][HikariConfig.java:1066] - HikariPool-1 - configuration:
2023-09-20 19:00:29,720 DEBUG [http-nio-63040-exec-1][HikariConfig.java:1066] - HikariPool-1 - configuration:
2023-09-20 19:00:29,722 DEBUG [http-nio-63040-exec-1][HikariConfig.java:1098] - allowPoolSuspension.............false
2023-09-20 19:00:29,722 DEBUG [http-nio-63040-exec-1][HikariConfig.java:1098] - allowPoolSuspension.............false
2023-09-20 19:00:29,723 DEBUG [http-nio-63040-exec-1][HikariConfig.java:1098] - autoCommit......................true
2023-09-20 19:00:29,723 DEBUG [http-nio-63040-exec-1][HikariConfig.java:1098] - autoCommit......................true
2023-09-20 19:00:29,723 DEBUG [http-nio-63040-exec-1][HikariConfig.java:1098] - catalog.........................none
2023-09-20 19:00:29,723 DEBUG [http-nio-63040-exec-1][HikariConfig.java:1098] - catalog.........................none
2023-09-20 19:00:29,723 DEBUG [http-nio-63040-exec-1][HikariConfig.java:1098] - connectionInitSql...............none
2023-09-20 19:00:29,723 DEBUG [http-nio-63040-exec-1][HikariConfig.java:1098] - connectionInitSql...............none
2023-09-20 19:00:29,724 DEBUG [http-nio-63040-exec-1][HikariConfig.java:1098] - connectionTestQuery.............none
2023-09-20 19:00:29,724 DEBUG [http-nio-63040-exec-1][HikariConfig.java:1098] - connectionTestQuery.............none
2023-09-20 19:00:29,724 DEBUG [http-nio-63040-exec-1][HikariConfig.java:1098] - connectionTimeout...............30000
2023-09-20 19:00:29,724 DEBUG [http-nio-63040-exec-1][HikariConfig.java:1098] - connectionTimeout...............30000
2023-09-20 19:00:29,724 DEBUG [http-nio-63040-exec-1][HikariConfig.java:1098] - dataSource......................none
2023-09-20 19:00:29,724 DEBUG [http-nio-63040-exec-1][HikariConfig.java:1098] - dataSource......................none
2023-09-20 19:00:29,724 DEBUG [http-nio-63040-exec-1][HikariConfig.java:1098] - dataSourceClassName.............none
2023-09-20 19:00:29,724 DEBUG [http-nio-63040-exec-1][HikariConfig.java:1098] - dataSourceClassName.............none
2023-09-20 19:00:29,724 DEBUG [http-nio-63040-exec-1][HikariConfig.java:1098] - dataSourceJNDI..................none
2023-09-20 19:00:29,724 DEBUG [http-nio-63040-exec-1][HikariConfig.java:1098] - dataSourceJNDI..................none
2023-09-20 19:00:29,725 DEBUG [http-nio-63040-exec-1][HikariConfig.java:1098] - dataSourceProperties............{password=<masked>}
2023-09-20 19:00:29,725 DEBUG [http-nio-63040-exec-1][HikariConfig.java:1098] - dataSourceProperties............{password=<masked>}
2023-09-20 19:00:29,725 DEBUG [http-nio-63040-exec-1][HikariConfig.java:1098] - driverClassName................."com.mysql.cj.jdbc.Driver"
2023-09-20 19:00:29,725 DEBUG [http-nio-63040-exec-1][HikariConfig.java:1098] - driverClassName................."com.mysql.cj.jdbc.Driver"
2023-09-20 19:00:29,725 DEBUG [http-nio-63040-exec-1][HikariConfig.java:1098] - exceptionOverrideClassName......none
2023-09-20 19:00:29,725 DEBUG [http-nio-63040-exec-1][HikariConfig.java:1098] - exceptionOverrideClassName......none
2023-09-20 19:00:29,726 DEBUG [http-nio-63040-exec-1][HikariConfig.java:1098] - healthCheckProperties...........{}
2023-09-20 19:00:29,726 DEBUG [http-nio-63040-exec-1][HikariConfig.java:1098] - healthCheckProperties...........{}
2023-09-20 19:00:29,726 DEBUG [http-nio-63040-exec-1][HikariConfig.java:1098] - healthCheckRegistry.............none
2023-09-20 19:00:29,726 DEBUG [http-nio-63040-exec-1][HikariConfig.java:1098] - healthCheckRegistry.............none
2023-09-20 19:00:29,726 DEBUG [http-nio-63040-exec-1][HikariConfig.java:1098] - idleTimeout.....................600000
2023-09-20 19:00:29,726 DEBUG [http-nio-63040-exec-1][HikariConfig.java:1098] - idleTimeout.....................600000
2023-09-20 19:00:29,726 DEBUG [http-nio-63040-exec-1][HikariConfig.java:1098] - initializationFailTimeout.......1
2023-09-20 19:00:29,726 DEBUG [http-nio-63040-exec-1][HikariConfig.java:1098] - initializationFailTimeout.......1
2023-09-20 19:00:29,726 DEBUG [http-nio-63040-exec-1][HikariConfig.java:1098] - isolateInternalQueries..........false
2023-09-20 19:00:29,726 DEBUG [http-nio-63040-exec-1][HikariConfig.java:1098] - isolateInternalQueries..........false
2023-09-20 19:00:29,727 DEBUG [http-nio-63040-exec-1][HikariConfig.java:1098] - jdbcUrl.........................jdbc:mysql://192.168.101.65:3306/xc402_content?serverTimezone=UTC&userUnicode=true&useSSL=false&
2023-09-20 19:00:29,727 DEBUG [http-nio-63040-exec-1][HikariConfig.java:1098] - jdbcUrl.........................jdbc:mysql://192.168.101.65:3306/xc402_content?serverTimezone=UTC&userUnicode=true&useSSL=false&
2023-09-20 19:00:29,727 DEBUG [http-nio-63040-exec-1][HikariConfig.java:1098] - leakDetectionThreshold..........0
2023-09-20 19:00:29,727 DEBUG [http-nio-63040-exec-1][HikariConfig.java:1098] - leakDetectionThreshold..........0
2023-09-20 19:00:29,727 DEBUG [http-nio-63040-exec-1][HikariConfig.java:1098] - maxLifetime.....................1800000
2023-09-20 19:00:29,727 DEBUG [http-nio-63040-exec-1][HikariConfig.java:1098] - maxLifetime.....................1800000
2023-09-20 19:00:29,727 DEBUG [http-nio-63040-exec-1][HikariConfig.java:1098] - maximumPoolSize.................10
2023-09-20 19:00:29,727 DEBUG [http-nio-63040-exec-1][HikariConfig.java:1098] - maximumPoolSize.................10
2023-09-20 19:00:29,728 DEBUG [http-nio-63040-exec-1][HikariConfig.java:1098] - metricRegistry..................none
2023-09-20 19:00:29,728 DEBUG [http-nio-63040-exec-1][HikariConfig.java:1098] - metricRegistry..................none
2023-09-20 19:00:29,728 DEBUG [http-nio-63040-exec-1][HikariConfig.java:1098] - metricsTrackerFactory...........none
2023-09-20 19:00:29,728 DEBUG [http-nio-63040-exec-1][HikariConfig.java:1098] - metricsTrackerFactory...........none
2023-09-20 19:00:29,728 DEBUG [http-nio-63040-exec-1][HikariConfig.java:1098] - minimumIdle.....................10
2023-09-20 19:00:29,728 DEBUG [http-nio-63040-exec-1][HikariConfig.java:1098] - minimumIdle.....................10
2023-09-20 19:00:29,729 DEBUG [http-nio-63040-exec-1][HikariConfig.java:1098] - password........................<masked>
2023-09-20 19:00:29,729 DEBUG [http-nio-63040-exec-1][HikariConfig.java:1098] - password........................<masked>
2023-09-20 19:00:29,729 DEBUG [http-nio-63040-exec-1][HikariConfig.java:1098] - poolName........................"HikariPool-1"
2023-09-20 19:00:29,729 DEBUG [http-nio-63040-exec-1][HikariConfig.java:1098] - poolName........................"HikariPool-1"
2023-09-20 19:00:29,729 DEBUG [http-nio-63040-exec-1][HikariConfig.java:1098] - readOnly........................false
2023-09-20 19:00:29,729 DEBUG [http-nio-63040-exec-1][HikariConfig.java:1098] - readOnly........................false
2023-09-20 19:00:29,729 DEBUG [http-nio-63040-exec-1][HikariConfig.java:1098] - registerMbeans..................false
2023-09-20 19:00:29,729 DEBUG [http-nio-63040-exec-1][HikariConfig.java:1098] - registerMbeans..................false
2023-09-20 19:00:29,730 DEBUG [http-nio-63040-exec-1][HikariConfig.java:1098] - scheduledExecutor...............none
2023-09-20 19:00:29,730 DEBUG [http-nio-63040-exec-1][HikariConfig.java:1098] - scheduledExecutor...............none
2023-09-20 19:00:29,730 DEBUG [http-nio-63040-exec-1][HikariConfig.java:1098] - schema..........................none
2023-09-20 19:00:29,730 DEBUG [http-nio-63040-exec-1][HikariConfig.java:1098] - schema..........................none
2023-09-20 19:00:29,730 DEBUG [http-nio-63040-exec-1][HikariConfig.java:1098] - threadFactory...................internal
2023-09-20 19:00:29,730 DEBUG [http-nio-63040-exec-1][HikariConfig.java:1098] - threadFactory...................internal
2023-09-20 19:00:29,730 DEBUG [http-nio-63040-exec-1][HikariConfig.java:1098] - transactionIsolation............default
2023-09-20 19:00:29,730 DEBUG [http-nio-63040-exec-1][HikariConfig.java:1098] - transactionIsolation............default
2023-09-20 19:00:29,730 DEBUG [http-nio-63040-exec-1][HikariConfig.java:1098] - username........................"root"
2023-09-20 19:00:29,730 DEBUG [http-nio-63040-exec-1][HikariConfig.java:1098] - username........................"root"
2023-09-20 19:00:29,731 DEBUG [http-nio-63040-exec-1][HikariConfig.java:1098] - validationTimeout...............5000
2023-09-20 19:00:29,731 DEBUG [http-nio-63040-exec-1][HikariConfig.java:1098] - validationTimeout...............5000
2023-09-20 19:00:29,731 INFO [http-nio-63040-exec-1][HikariDataSource.java:110] - HikariPool-1 - Starting...
2023-09-20 19:00:29,731 INFO [http-nio-63040-exec-1][HikariDataSource.java:110] - HikariPool-1 - Starting...
2023-09-20 19:00:29,914 DEBUG [http-nio-63040-exec-1][HikariPool.java:564] - HikariPool-1 - Added connection com.mysql.cj.jdbc.ConnectionImpl@1a8d5494
2023-09-20 19:00:29,914 DEBUG [http-nio-63040-exec-1][HikariPool.java:564] - HikariPool-1 - Added connection com.mysql.cj.jdbc.ConnectionImpl@1a8d5494
2023-09-20 19:00:29,918 INFO [http-nio-63040-exec-1][HikariDataSource.java:123] - HikariPool-1 - Start completed.
2023-09-20 19:00:29,918 INFO [http-nio-63040-exec-1][HikariDataSource.java:123] - HikariPool-1 - Start completed.
2023-09-20 19:00:29,923 DEBUG [http-nio-63040-exec-1][Logger.java:49] - JDBC Connection [HikariProxyConnection@1606727297 wrapping com.mysql.cj.jdbc.ConnectionImpl@1a8d5494] will not be managed by Spring
2023-09-20 19:00:29,923 DEBUG [http-nio-63040-exec-1][Logger.java:49] - JDBC Connection [HikariProxyConnection@1606727297 wrapping com.mysql.cj.jdbc.ConnectionImpl@1a8d5494] will not be managed by Spring
2023-09-20 19:00:29,930 DEBUG [http-nio-63040-exec-1][BaseJdbcLogger.java:137] - ==>  Preparing: SELECT id,company_id,company_name,name,users,tags,mt,st,grade,teachmode,description,pic,create_date,change_date,create_people,change_people,audit_status,status FROM course_base WHERE id=?
2023-09-20 19:00:29,930 DEBUG [http-nio-63040-exec-1][BaseJdbcLogger.java:137] - ==>  Preparing: SELECT id,company_id,company_name,name,users,tags,mt,st,grade,teachmode,description,pic,create_date,change_date,create_people,change_people,audit_status,status FROM course_base WHERE id=?
2023-09-20 19:00:29,965 DEBUG [http-nio-63040-exec-1][BaseJdbcLogger.java:137] - ==> Parameters: 133(Long)
2023-09-20 19:00:29,965 DEBUG [http-nio-63040-exec-1][BaseJdbcLogger.java:137] - ==> Parameters: 133(Long)
2023-09-20 19:00:30,006 DEBUG [http-nio-63040-exec-1][BaseJdbcLogger.java:137] - <==      Total: 1
2023-09-20 19:00:30,006 DEBUG [http-nio-63040-exec-1][BaseJdbcLogger.java:137] - <==      Total: 1
2023-09-20 19:00:30,011 DEBUG [http-nio-63040-exec-1][Logger.java:49] - Closing non transactional SqlSession [org.apache.ibatis.session.defaults.DefaultSqlSession@10991457]
2023-09-20 19:00:30,011 DEBUG [http-nio-63040-exec-1][Logger.java:49] - Closing non transactional SqlSession [org.apache.ibatis.session.defaults.DefaultSqlSession@10991457]
2023-09-20 19:00:30,027 DEBUG [http-nio-63040-exec-1][Logger.java:49] - Creating a new SqlSession
2023-09-20 19:00:30,027 DEBUG [http-nio-63040-exec-1][Logger.java:49] - Creating a new SqlSession
2023-09-20 19:00:30,027 DEBUG [http-nio-63040-exec-1][Logger.java:49] - SqlSession [org.apache.ibatis.session.defaults.DefaultSqlSession@3a6aaf75] was not registered for synchronization because synchronization is not active
2023-09-20 19:00:30,027 DEBUG [http-nio-63040-exec-1][Logger.java:49] - SqlSession [org.apache.ibatis.session.defaults.DefaultSqlSession@3a6aaf75] was not registered for synchronization because synchronization is not active
2023-09-20 19:00:30,029 DEBUG [HikariPool-1 housekeeper][HikariPool.java:421] - HikariPool-1 - Pool stats (total=1, active=0, idle=1, waiting=0)
2023-09-20 19:00:30,029 DEBUG [HikariPool-1 housekeeper][HikariPool.java:421] - HikariPool-1 - Pool stats (total=1, active=0, idle=1, waiting=0)
2023-09-20 19:00:30,039 DEBUG [HikariPool-1 connection adder][HikariPool.java:728] - HikariPool-1 - Added connection com.mysql.cj.jdbc.ConnectionImpl@4f878b2a
2023-09-20 19:00:30,039 DEBUG [HikariPool-1 connection adder][HikariPool.java:728] - HikariPool-1 - Added connection com.mysql.cj.jdbc.ConnectionImpl@4f878b2a
2023-09-20 19:00:30,047 DEBUG [HikariPool-1 connection adder][HikariPool.java:728] - HikariPool-1 - Added connection com.mysql.cj.jdbc.ConnectionImpl@eba8111
2023-09-20 19:00:30,047 DEBUG [HikariPool-1 connection adder][HikariPool.java:728] - HikariPool-1 - Added connection com.mysql.cj.jdbc.ConnectionImpl@eba8111
2023-09-20 19:00:30,069 DEBUG [HikariPool-1 connection adder][HikariPool.java:728] - HikariPool-1 - Added connection com.mysql.cj.jdbc.ConnectionImpl@3ffe4a32
2023-09-20 19:00:30,069 DEBUG [HikariPool-1 connection adder][HikariPool.java:728] - HikariPool-1 - Added connection com.mysql.cj.jdbc.ConnectionImpl@3ffe4a32
2023-09-20 19:00:30,078 DEBUG [HikariPool-1 connection adder][HikariPool.java:728] - HikariPool-1 - Added connection com.mysql.cj.jdbc.ConnectionImpl@6e957e5e
2023-09-20 19:00:30,078 DEBUG [HikariPool-1 connection adder][HikariPool.java:728] - HikariPool-1 - Added connection com.mysql.cj.jdbc.ConnectionImpl@6e957e5e
2023-09-20 19:00:30,082 DEBUG [http-nio-63040-exec-1][DataSourceUtils.java:115] - Fetching JDBC Connection from DataSource
2023-09-20 19:00:30,082 DEBUG [http-nio-63040-exec-1][DataSourceUtils.java:115] - Fetching JDBC Connection from DataSource
2023-09-20 19:00:30,083 DEBUG [http-nio-63040-exec-1][Logger.java:49] - JDBC Connection [HikariProxyConnection@881068389 wrapping com.mysql.cj.jdbc.ConnectionImpl@1a8d5494] will not be managed by Spring
2023-09-20 19:00:30,083 DEBUG [http-nio-63040-exec-1][Logger.java:49] - JDBC Connection [HikariProxyConnection@881068389 wrapping com.mysql.cj.jdbc.ConnectionImpl@1a8d5494] will not be managed by Spring
2023-09-20 19:00:30,084 DEBUG [http-nio-63040-exec-1][BaseJdbcLogger.java:137] - ==>  Preparing: UPDATE course_base SET company_id=?, name=?, users=?, tags=?, mt=?, st=?, grade=?, teachmode=?, description=?, pic=?, create_date=?, change_date=?, audit_status=?, status=? WHERE id=?
2023-09-20 19:00:30,084 DEBUG [http-nio-63040-exec-1][BaseJdbcLogger.java:137] - ==>  Preparing: UPDATE course_base SET company_id=?, name=?, users=?, tags=?, mt=?, st=?, grade=?, teachmode=?, description=?, pic=?, create_date=?, change_date=?, audit_status=?, status=? WHERE id=?
2023-09-20 19:00:30,087 DEBUG [HikariPool-1 connection adder][HikariPool.java:728] - HikariPool-1 - Added connection com.mysql.cj.jdbc.ConnectionImpl@75c0fe37
2023-09-20 19:00:30,087 DEBUG [HikariPool-1 connection adder][HikariPool.java:728] - HikariPool-1 - Added connection com.mysql.cj.jdbc.ConnectionImpl@75c0fe37
2023-09-20 19:00:30,093 DEBUG [http-nio-63040-exec-1][BaseJdbcLogger.java:137] - ==> Parameters: 1232141425(Long), 阿迪斯发大水发大水发都发啥(String), 阿斯蒂芬啊是的范德萨发(String), 阿斯顿发地方撒地方撒打发谁(String), 1-11(String), 1-11-4(String), 204003(String), 200002(String), 阿斯蒂芬萨顶顶发撒撒旦法(String), (String), 2023-09-17T23:43:36(LocalDateTime), 2023-09-20T19:00:30.026(LocalDateTime), 202002(String), 203001(String), 133(Long)
2023-09-20 19:00:30,093 DEBUG [http-nio-63040-exec-1][BaseJdbcLogger.java:137] - ==> Parameters: 1232141425(Long), 阿迪斯发大水发大水发都发啥(String), 阿斯蒂芬啊是的范德萨发(String), 阿斯顿发地方撒地方撒打发谁(String), 1-11(String), 1-11-4(String), 204003(String), 200002(String), 阿斯蒂芬萨顶顶发撒撒旦法(String), (String), 2023-09-17T23:43:36(LocalDateTime), 2023-09-20T19:00:30.026(LocalDateTime), 202002(String), 203001(String), 133(Long)
2023-09-20 19:00:30,096 DEBUG [HikariPool-1 connection adder][HikariPool.java:728] - HikariPool-1 - Added connection com.mysql.cj.jdbc.ConnectionImpl@6adbe472
2023-09-20 19:00:30,096 DEBUG [HikariPool-1 connection adder][HikariPool.java:728] - HikariPool-1 - Added connection com.mysql.cj.jdbc.ConnectionImpl@6adbe472
2023-09-20 19:00:30,105 DEBUG [http-nio-63040-exec-1][BaseJdbcLogger.java:137] - <==    Updates: 1
2023-09-20 19:00:30,105 DEBUG [http-nio-63040-exec-1][BaseJdbcLogger.java:137] - <==    Updates: 1
2023-09-20 19:00:30,106 DEBUG [http-nio-63040-exec-1][Logger.java:49] - Closing non transactional SqlSession [org.apache.ibatis.session.defaults.DefaultSqlSession@3a6aaf75]
2023-09-20 19:00:30,106 DEBUG [http-nio-63040-exec-1][Logger.java:49] - Closing non transactional SqlSession [org.apache.ibatis.session.defaults.DefaultSqlSession@3a6aaf75]
2023-09-20 19:00:30,107 DEBUG [http-nio-63040-exec-1][Logger.java:49] - Creating a new SqlSession
2023-09-20 19:00:30,107 DEBUG [http-nio-63040-exec-1][Logger.java:49] - Creating a new SqlSession
2023-09-20 19:00:30,107 DEBUG [HikariPool-1 connection adder][HikariPool.java:728] - HikariPool-1 - Added connection com.mysql.cj.jdbc.ConnectionImpl@532c5b22
2023-09-20 19:00:30,107 DEBUG [HikariPool-1 connection adder][HikariPool.java:728] - HikariPool-1 - Added connection com.mysql.cj.jdbc.ConnectionImpl@532c5b22
2023-09-20 19:00:30,107 DEBUG [http-nio-63040-exec-1][Logger.java:49] - SqlSession [org.apache.ibatis.session.defaults.DefaultSqlSession@5645abeb] was not registered for synchronization because synchronization is not active
2023-09-20 19:00:30,107 DEBUG [http-nio-63040-exec-1][Logger.java:49] - SqlSession [org.apache.ibatis.session.defaults.DefaultSqlSession@5645abeb] was not registered for synchronization because synchronization is not active
2023-09-20 19:00:30,108 DEBUG [http-nio-63040-exec-1][DataSourceUtils.java:115] - Fetching JDBC Connection from DataSource
2023-09-20 19:00:30,108 DEBUG [http-nio-63040-exec-1][DataSourceUtils.java:115] - Fetching JDBC Connection from DataSource
2023-09-20 19:00:30,109 DEBUG [http-nio-63040-exec-1][Logger.java:49] - JDBC Connection [HikariProxyConnection@1657482299 wrapping com.mysql.cj.jdbc.ConnectionImpl@1a8d5494] will not be managed by Spring
2023-09-20 19:00:30,109 DEBUG [http-nio-63040-exec-1][Logger.java:49] - JDBC Connection [HikariProxyConnection@1657482299 wrapping com.mysql.cj.jdbc.ConnectionImpl@1a8d5494] will not be managed by Spring
2023-09-20 19:00:30,109 DEBUG [http-nio-63040-exec-1][BaseJdbcLogger.java:137] - ==>  Preparing: SELECT id,company_id,company_name,name,users,tags,mt,st,grade,teachmode,description,pic,create_date,change_date,create_people,change_people,audit_status,status FROM course_base WHERE id=?
2023-09-20 19:00:30,109 DEBUG [http-nio-63040-exec-1][BaseJdbcLogger.java:137] - ==>  Preparing: SELECT id,company_id,company_name,name,users,tags,mt,st,grade,teachmode,description,pic,create_date,change_date,create_people,change_people,audit_status,status FROM course_base WHERE id=?
2023-09-20 19:00:30,110 DEBUG [http-nio-63040-exec-1][BaseJdbcLogger.java:137] - ==> Parameters: 133(Long)
2023-09-20 19:00:30,110 DEBUG [http-nio-63040-exec-1][BaseJdbcLogger.java:137] - ==> Parameters: 133(Long)
2023-09-20 19:00:30,114 DEBUG [http-nio-63040-exec-1][BaseJdbcLogger.java:137] - <==      Total: 1
2023-09-20 19:00:30,114 DEBUG [http-nio-63040-exec-1][BaseJdbcLogger.java:137] - <==      Total: 1
2023-09-20 19:00:30,115 DEBUG [http-nio-63040-exec-1][Logger.java:49] - Closing non transactional SqlSession [org.apache.ibatis.session.defaults.DefaultSqlSession@5645abeb]
2023-09-20 19:00:30,115 DEBUG [http-nio-63040-exec-1][Logger.java:49] - Closing non transactional SqlSession [org.apache.ibatis.session.defaults.DefaultSqlSession@5645abeb]
2023-09-20 19:00:30,116 DEBUG [http-nio-63040-exec-1][Logger.java:49] - Creating a new SqlSession
2023-09-20 19:00:30,116 DEBUG [http-nio-63040-exec-1][Logger.java:49] - Creating a new SqlSession
2023-09-20 19:00:30,116 DEBUG [http-nio-63040-exec-1][Logger.java:49] - SqlSession [org.apache.ibatis.session.defaults.DefaultSqlSession@5de94af0] was not registered for synchronization because synchronization is not active
2023-09-20 19:00:30,116 DEBUG [HikariPool-1 connection adder][HikariPool.java:728] - HikariPool-1 - Added connection com.mysql.cj.jdbc.ConnectionImpl@3bc2e6e2
2023-09-20 19:00:30,116 DEBUG [http-nio-63040-exec-1][Logger.java:49] - SqlSession [org.apache.ibatis.session.defaults.DefaultSqlSession@5de94af0] was not registered for synchronization because synchronization is not active
2023-09-20 19:00:30,116 DEBUG [HikariPool-1 connection adder][HikariPool.java:728] - HikariPool-1 - Added connection com.mysql.cj.jdbc.ConnectionImpl@3bc2e6e2
2023-09-20 19:00:30,117 DEBUG [http-nio-63040-exec-1][DataSourceUtils.java:115] - Fetching JDBC Connection from DataSource
2023-09-20 19:00:30,117 DEBUG [http-nio-63040-exec-1][DataSourceUtils.java:115] - Fetching JDBC Connection from DataSource
2023-09-20 19:00:30,118 DEBUG [http-nio-63040-exec-1][Logger.java:49] - JDBC Connection [HikariProxyConnection@1727537026 wrapping com.mysql.cj.jdbc.ConnectionImpl@1a8d5494] will not be managed by Spring
2023-09-20 19:00:30,118 DEBUG [http-nio-63040-exec-1][Logger.java:49] - JDBC Connection [HikariProxyConnection@1727537026 wrapping com.mysql.cj.jdbc.ConnectionImpl@1a8d5494] will not be managed by Spring
2023-09-20 19:00:30,118 DEBUG [http-nio-63040-exec-1][BaseJdbcLogger.java:137] - ==>  Preparing: SELECT id,charge,price,original_price,qq,wechat,phone,valid_days FROM course_market WHERE id=?
2023-09-20 19:00:30,118 DEBUG [http-nio-63040-exec-1][BaseJdbcLogger.java:137] - ==>  Preparing: SELECT id,charge,price,original_price,qq,wechat,phone,valid_days FROM course_market WHERE id=?
2023-09-20 19:00:30,119 DEBUG [http-nio-63040-exec-1][BaseJdbcLogger.java:137] - ==> Parameters: 133(Long)
2023-09-20 19:00:30,119 DEBUG [http-nio-63040-exec-1][BaseJdbcLogger.java:137] - ==> Parameters: 133(Long)
2023-09-20 19:00:30,122 DEBUG [http-nio-63040-exec-1][BaseJdbcLogger.java:137] - <==      Total: 1
2023-09-20 19:00:30,122 DEBUG [http-nio-63040-exec-1][BaseJdbcLogger.java:137] - <==      Total: 1
2023-09-20 19:00:30,123 DEBUG [http-nio-63040-exec-1][Logger.java:49] - Closing non transactional SqlSession [org.apache.ibatis.session.defaults.DefaultSqlSession@5de94af0]
2023-09-20 19:00:30,123 DEBUG [http-nio-63040-exec-1][Logger.java:49] - Closing non transactional SqlSession [org.apache.ibatis.session.defaults.DefaultSqlSession@5de94af0]
2023-09-20 19:00:30,127 DEBUG [HikariPool-1 connection adder][HikariPool.java:728] - HikariPool-1 - Added connection com.mysql.cj.jdbc.ConnectionImpl@3e72808a
2023-09-20 19:00:30,127 DEBUG [HikariPool-1 connection adder][HikariPool.java:728] - HikariPool-1 - Added connection com.mysql.cj.jdbc.ConnectionImpl@3e72808a
2023-09-20 19:00:30,127 DEBUG [HikariPool-1 connection adder][HikariPool.java:421] - HikariPool-1 - After adding stats (total=10, active=0, idle=10, waiting=0)
2023-09-20 19:00:30,127 DEBUG [HikariPool-1 connection adder][HikariPool.java:421] - HikariPool-1 - After adding stats (total=10, active=0, idle=10, waiting=0)
2023-09-20 19:00:30,135 DEBUG [http-nio-63040-exec-1][Logger.java:49] - Creating a new SqlSession
2023-09-20 19:00:30,135 DEBUG [http-nio-63040-exec-1][Logger.java:49] - Creating a new SqlSession
2023-09-20 19:00:30,136 DEBUG [http-nio-63040-exec-1][Logger.java:49] - SqlSession [org.apache.ibatis.session.defaults.DefaultSqlSession@528dae66] was not registered for synchronization because synchronization is not active
2023-09-20 19:00:30,136 DEBUG [http-nio-63040-exec-1][Logger.java:49] - SqlSession [org.apache.ibatis.session.defaults.DefaultSqlSession@528dae66] was not registered for synchronization because synchronization is not active
2023-09-20 19:00:30,137 DEBUG [http-nio-63040-exec-1][DataSourceUtils.java:115] - Fetching JDBC Connection from DataSource
2023-09-20 19:00:30,137 DEBUG [http-nio-63040-exec-1][DataSourceUtils.java:115] - Fetching JDBC Connection from DataSource
2023-09-20 19:00:30,137 DEBUG [http-nio-63040-exec-1][Logger.java:49] - JDBC Connection [HikariProxyConnection@1922192914 wrapping com.mysql.cj.jdbc.ConnectionImpl@1a8d5494] will not be managed by Spring
2023-09-20 19:00:30,137 DEBUG [http-nio-63040-exec-1][Logger.java:49] - JDBC Connection [HikariProxyConnection@1922192914 wrapping com.mysql.cj.jdbc.ConnectionImpl@1a8d5494] will not be managed by Spring
2023-09-20 19:00:30,138 DEBUG [http-nio-63040-exec-1][BaseJdbcLogger.java:137] - ==>  Preparing: SELECT id,name,label,parentid,is_show,orderby,is_leaf FROM course_category WHERE id=?
2023-09-20 19:00:30,138 DEBUG [http-nio-63040-exec-1][BaseJdbcLogger.java:137] - ==>  Preparing: SELECT id,name,label,parentid,is_show,orderby,is_leaf FROM course_category WHERE id=?
2023-09-20 19:00:30,139 DEBUG [http-nio-63040-exec-1][BaseJdbcLogger.java:137] - ==> Parameters: 1-11-4(String)
2023-09-20 19:00:30,139 DEBUG [http-nio-63040-exec-1][BaseJdbcLogger.java:137] - ==> Parameters: 1-11-4(String)
2023-09-20 19:00:30,142 DEBUG [http-nio-63040-exec-1][BaseJdbcLogger.java:137] - <==      Total: 1
2023-09-20 19:00:30,142 DEBUG [http-nio-63040-exec-1][BaseJdbcLogger.java:137] - <==      Total: 1
2023-09-20 19:00:30,143 DEBUG [http-nio-63040-exec-1][Logger.java:49] - Closing non transactional SqlSession [org.apache.ibatis.session.defaults.DefaultSqlSession@528dae66]
2023-09-20 19:00:30,143 DEBUG [http-nio-63040-exec-1][Logger.java:49] - Closing non transactional SqlSession [org.apache.ibatis.session.defaults.DefaultSqlSession@528dae66]
2023-09-20 19:00:30,143 DEBUG [http-nio-63040-exec-1][Logger.java:49] - Creating a new SqlSession
2023-09-20 19:00:30,143 DEBUG [http-nio-63040-exec-1][Logger.java:49] - Creating a new SqlSession
2023-09-20 19:00:30,144 DEBUG [http-nio-63040-exec-1][Logger.java:49] - SqlSession [org.apache.ibatis.session.defaults.DefaultSqlSession@1164ea75] was not registered for synchronization because synchronization is not active
2023-09-20 19:00:30,144 DEBUG [http-nio-63040-exec-1][Logger.java:49] - SqlSession [org.apache.ibatis.session.defaults.DefaultSqlSession@1164ea75] was not registered for synchronization because synchronization is not active
2023-09-20 19:00:30,144 DEBUG [http-nio-63040-exec-1][DataSourceUtils.java:115] - Fetching JDBC Connection from DataSource
2023-09-20 19:00:30,144 DEBUG [http-nio-63040-exec-1][DataSourceUtils.java:115] - Fetching JDBC Connection from DataSource
2023-09-20 19:00:30,145 DEBUG [http-nio-63040-exec-1][Logger.java:49] - JDBC Connection [HikariProxyConnection@1898323085 wrapping com.mysql.cj.jdbc.ConnectionImpl@1a8d5494] will not be managed by Spring
2023-09-20 19:00:30,145 DEBUG [http-nio-63040-exec-1][Logger.java:49] - JDBC Connection [HikariProxyConnection@1898323085 wrapping com.mysql.cj.jdbc.ConnectionImpl@1a8d5494] will not be managed by Spring
2023-09-20 19:00:30,145 DEBUG [http-nio-63040-exec-1][BaseJdbcLogger.java:137] - ==>  Preparing: SELECT id,name,label,parentid,is_show,orderby,is_leaf FROM course_category WHERE id=?
2023-09-20 19:00:30,145 DEBUG [http-nio-63040-exec-1][BaseJdbcLogger.java:137] - ==>  Preparing: SELECT id,name,label,parentid,is_show,orderby,is_leaf FROM course_category WHERE id=?
2023-09-20 19:00:30,146 DEBUG [http-nio-63040-exec-1][BaseJdbcLogger.java:137] - ==> Parameters: 1-11(String)
2023-09-20 19:00:30,146 DEBUG [http-nio-63040-exec-1][BaseJdbcLogger.java:137] - ==> Parameters: 1-11(String)
2023-09-20 19:00:30,149 DEBUG [http-nio-63040-exec-1][BaseJdbcLogger.java:137] - <==      Total: 1
2023-09-20 19:00:30,149 DEBUG [http-nio-63040-exec-1][BaseJdbcLogger.java:137] - <==      Total: 1
2023-09-20 19:00:30,150 DEBUG [http-nio-63040-exec-1][Logger.java:49] - Closing non transactional SqlSession [org.apache.ibatis.session.defaults.DefaultSqlSession@1164ea75]
2023-09-20 19:00:30,150 DEBUG [http-nio-63040-exec-1][Logger.java:49] - Closing non transactional SqlSession [org.apache.ibatis.session.defaults.DefaultSqlSession@1164ea75]
2023-09-20 19:00:30,199 DEBUG [http-nio-63040-exec-1][AbstractMessageConverterMethodProcessor.java:255] - Using 'application/json', given [application/json, text/plain, */*] and supported [application/json, application/*+json, application/json, application/*+json]
2023-09-20 19:00:30,199 DEBUG [http-nio-63040-exec-1][AbstractMessageConverterMethodProcessor.java:255] - Using 'application/json', given [application/json, text/plain, */*] and supported [application/json, application/*+json, application/json, application/*+json]
2023-09-20 19:00:30,202 DEBUG [http-nio-63040-exec-1][LogFormatUtils.java:91] - Writing [CourseBaseInfoDto(charge=201001, price=-1.0, originalPrice=0.0, qq=1234, wechat=1234, phone=1234, va (truncated)...]
2023-09-20 19:00:30,202 DEBUG [http-nio-63040-exec-1][LogFormatUtils.java:91] - Writing [CourseBaseInfoDto(charge=201001, price=-1.0, originalPrice=0.0, qq=1234, wechat=1234, phone=1234, va (truncated)...]
2023-09-20 19:00:30,232 DEBUG [http-nio-63040-exec-1][FrameworkServlet.java:1131] - Completed 200 OK
2023-09-20 19:00:30,232 DEBUG [http-nio-63040-exec-1][FrameworkServlet.java:1131] - Completed 200 OK
2023-09-20 19:00:30,295 DEBUG [http-nio-63040-exec-2][LogFormatUtils.java:91] - GET "/content/teachplan/133/tree-nodes", parameters={}
2023-09-20 19:00:30,295 DEBUG [http-nio-63040-exec-2][LogFormatUtils.java:91] - GET "/content/teachplan/133/tree-nodes", parameters={}
2023-09-20 19:00:30,299 DEBUG [http-nio-63040-exec-2][AbstractHandlerMapping.java:415] - Mapped to ResourceHttpRequestHandler ["classpath:/META-INF/resources/", "classpath:/resources/", "classpath:/static/", "classpath:/public/", "/"]
2023-09-20 19:00:30,299 DEBUG [http-nio-63040-exec-2][AbstractHandlerMapping.java:415] - Mapped to ResourceHttpRequestHandler ["classpath:/META-INF/resources/", "classpath:/resources/", "classpath:/static/", "classpath:/public/", "/"]
2023-09-20 19:00:30,306 DEBUG [http-nio-63040-exec-2][ResourceHttpRequestHandler.java:487] - Resource not found
2023-09-20 19:00:30,306 DEBUG [http-nio-63040-exec-2][ResourceHttpRequestHandler.java:487] - Resource not found
2023-09-20 19:00:30,306 DEBUG [http-nio-63040-exec-2][FrameworkServlet.java:1131] - Completed 404 NOT_FOUND
2023-09-20 19:00:30,306 DEBUG [http-nio-63040-exec-2][FrameworkServlet.java:1131] - Completed 404 NOT_FOUND
2023-09-20 19:00:30,312 DEBUG [http-nio-63040-exec-2][LogFormatUtils.java:91] - "ERROR" dispatch for GET "/content/error", parameters={}
2023-09-20 19:00:30,312 DEBUG [http-nio-63040-exec-2][LogFormatUtils.java:91] - "ERROR" dispatch for GET "/content/error", parameters={}
2023-09-20 19:00:30,314 DEBUG [http-nio-63040-exec-2][AbstractHandlerMapping.java:415] - Mapped to org.springframework.boot.autoconfigure.web.servlet.error.BasicErrorController#error(HttpServletRequest)
2023-09-20 19:00:30,314 DEBUG [http-nio-63040-exec-2][AbstractHandlerMapping.java:415] - Mapped to org.springframework.boot.autoconfigure.web.servlet.error.BasicErrorController#error(HttpServletRequest)
2023-09-20 19:00:30,328 DEBUG [http-nio-63040-exec-2][AbstractMessageConverterMethodProcessor.java:255] - Using 'application/json', given [application/json, text/plain, */*] and supported [application/json, application/*+json, application/json, application/*+json]
2023-09-20 19:00:30,328 DEBUG [http-nio-63040-exec-2][AbstractMessageConverterMethodProcessor.java:255] - Using 'application/json', given [application/json, text/plain, */*] and supported [application/json, application/*+json, application/json, application/*+json]
2023-09-20 19:00:30,329 DEBUG [http-nio-63040-exec-2][LogFormatUtils.java:91] - Writing [{timestamp=Wed Sep 20 19:00:30 CST 2023, status=404, error=Not Found, message=, path=/content/teachp (truncated)...]
2023-09-20 19:00:30,329 DEBUG [http-nio-63040-exec-2][LogFormatUtils.java:91] - Writing [{timestamp=Wed Sep 20 19:00:30 CST 2023, status=404, error=Not Found, message=, path=/content/teachp (truncated)...]
2023-09-20 19:00:30,340 DEBUG [http-nio-63040-exec-2][FrameworkServlet.java:1127] - Exiting from "ERROR" dispatch, status 404
2023-09-20 19:00:30,340 DEBUG [http-nio-63040-exec-2][FrameworkServlet.java:1127] - Exiting from "ERROR" dispatch, status 404
2023-09-20 19:00:30,852 DEBUG [HikariPool-1 housekeeper][HikariPool.java:421] - HikariPool-1 - Pool stats (total=10, active=0, idle=10, waiting=0)
2023-09-20 19:00:30,852 DEBUG [HikariPool-1 housekeeper][HikariPool.java:421] - HikariPool-1 - Pool stats (total=10, active=0, idle=10, waiting=0)
2023-09-20 19:00:30,852 DEBUG [HikariPool-1 housekeeper][HikariPool.java:517] - HikariPool-1 - Fill pool skipped, pool is at sufficient level.
2023-09-20 19:00:30,852 DEBUG [HikariPool-1 housekeeper][HikariPool.java:517] - HikariPool-1 - Fill pool skipped, pool is at sufficient level.
2023-09-20 19:00:38,953 DEBUG [http-nio-63040-exec-3][LogFormatUtils.java:91] - POST "/content/course/list?pageNo=1&pageSize=10", parameters={masked}
2023-09-20 19:00:38,953 DEBUG [http-nio-63040-exec-3][LogFormatUtils.java:91] - POST "/content/course/list?pageNo=1&pageSize=10", parameters={masked}
2023-09-20 19:00:38,954 DEBUG [http-nio-63040-exec-3][AbstractHandlerMapping.java:415] - Mapped to com.xuecheng.content.api.CourseBaseInfoController#list(PageParams, QueryCourseParamsDto)
2023-09-20 19:00:38,954 DEBUG [http-nio-63040-exec-3][AbstractHandlerMapping.java:415] - Mapped to com.xuecheng.content.api.CourseBaseInfoController#list(PageParams, QueryCourseParamsDto)
2023-09-20 19:00:38,966 DEBUG [http-nio-63040-exec-3][LogFormatUtils.java:91] - Read "application/json;charset=utf-8" to [QueryCourseParamsDto(auditStatus=, courseName=, publishStatus=null)]
2023-09-20 19:00:38,966 DEBUG [http-nio-63040-exec-3][LogFormatUtils.java:91] - Read "application/json;charset=utf-8" to [QueryCourseParamsDto(auditStatus=, courseName=, publishStatus=null)]
2023-09-20 19:00:38,985 DEBUG [http-nio-63040-exec-3][Logger.java:49] - Creating a new SqlSession
2023-09-20 19:00:38,985 DEBUG [http-nio-63040-exec-3][Logger.java:49] - Creating a new SqlSession
2023-09-20 19:00:38,986 DEBUG [http-nio-63040-exec-3][Logger.java:49] - SqlSession [org.apache.ibatis.session.defaults.DefaultSqlSession@6d90fdc4] was not registered for synchronization because synchronization is not active
2023-09-20 19:00:38,986 DEBUG [http-nio-63040-exec-3][Logger.java:49] - SqlSession [org.apache.ibatis.session.defaults.DefaultSqlSession@6d90fdc4] was not registered for synchronization because synchronization is not active
2023-09-20 19:00:39,018 DEBUG [http-nio-63040-exec-3][DataSourceUtils.java:115] - Fetching JDBC Connection from DataSource
2023-09-20 19:00:39,018 DEBUG [http-nio-63040-exec-3][DataSourceUtils.java:115] - Fetching JDBC Connection from DataSource
2023-09-20 19:00:39,020 DEBUG [http-nio-63040-exec-3][Logger.java:49] - JDBC Connection [HikariProxyConnection@1616952435 wrapping com.mysql.cj.jdbc.ConnectionImpl@1a8d5494] will not be managed by Spring
2023-09-20 19:00:39,020 DEBUG [http-nio-63040-exec-3][Logger.java:49] - JDBC Connection [HikariProxyConnection@1616952435 wrapping com.mysql.cj.jdbc.ConnectionImpl@1a8d5494] will not be managed by Spring
2023-09-20 19:00:39,020 DEBUG [http-nio-63040-exec-3][BaseJdbcLogger.java:137] - ==>  Preparing: SELECT COUNT(*) FROM course_base
2023-09-20 19:00:39,020 DEBUG [http-nio-63040-exec-3][BaseJdbcLogger.java:137] - ==>  Preparing: SELECT COUNT(*) FROM course_base
2023-09-20 19:00:39,021 DEBUG [http-nio-63040-exec-3][BaseJdbcLogger.java:137] - ==> Parameters: 
2023-09-20 19:00:39,021 DEBUG [http-nio-63040-exec-3][BaseJdbcLogger.java:137] - ==> Parameters: 
2023-09-20 19:00:39,024 DEBUG [http-nio-63040-exec-3][BaseJdbcLogger.java:137] - <==      Total: 1
2023-09-20 19:00:39,024 DEBUG [http-nio-63040-exec-3][BaseJdbcLogger.java:137] - <==      Total: 1
2023-09-20 19:00:39,033 DEBUG [http-nio-63040-exec-3][BaseJdbcLogger.java:137] - ==>  Preparing: SELECT id,company_id,company_name,name,users,tags,mt,st,grade,teachmode,description,pic,create_date,change_date,create_people,change_people,audit_status,status FROM course_base LIMIT ?
2023-09-20 19:00:39,033 DEBUG [http-nio-63040-exec-3][BaseJdbcLogger.java:137] - ==>  Preparing: SELECT id,company_id,company_name,name,users,tags,mt,st,grade,teachmode,description,pic,create_date,change_date,create_people,change_people,audit_status,status FROM course_base LIMIT ?
2023-09-20 19:00:39,033 DEBUG [http-nio-63040-exec-3][BaseJdbcLogger.java:137] - ==> Parameters: 10(Long)
2023-09-20 19:00:39,033 DEBUG [http-nio-63040-exec-3][BaseJdbcLogger.java:137] - ==> Parameters: 10(Long)
2023-09-20 19:00:39,041 DEBUG [http-nio-63040-exec-3][BaseJdbcLogger.java:137] - <==      Total: 10
2023-09-20 19:00:39,041 DEBUG [http-nio-63040-exec-3][BaseJdbcLogger.java:137] - <==      Total: 10
2023-09-20 19:00:39,041 DEBUG [http-nio-63040-exec-3][Logger.java:49] - Closing non transactional SqlSession [org.apache.ibatis.session.defaults.DefaultSqlSession@6d90fdc4]
2023-09-20 19:00:39,041 DEBUG [http-nio-63040-exec-3][Logger.java:49] - Closing non transactional SqlSession [org.apache.ibatis.session.defaults.DefaultSqlSession@6d90fdc4]
2023-09-20 19:00:39,045 DEBUG [http-nio-63040-exec-3][AbstractMessageConverterMethodProcessor.java:255] - Using 'application/json', given [application/json, text/plain, */*] and supported [application/json, application/*+json, application/json, application/*+json]
2023-09-20 19:00:39,045 DEBUG [http-nio-63040-exec-3][AbstractMessageConverterMethodProcessor.java:255] - Using 'application/json', given [application/json, text/plain, */*] and supported [application/json, application/*+json, application/json, application/*+json]
2023-09-20 19:00:39,045 DEBUG [http-nio-63040-exec-3][LogFormatUtils.java:91] - Writing [PageResult(items=[CourseBase(id=1, companyId=1232141425, companyName=, name=JAVA8/9/10新特性讲解, users=j (truncated)...]
2023-09-20 19:00:39,045 DEBUG [http-nio-63040-exec-3][LogFormatUtils.java:91] - Writing [PageResult(items=[CourseBase(id=1, companyId=1232141425, companyName=, name=JAVA8/9/10新特性讲解, users=j (truncated)...]
2023-09-20 19:00:39,051 DEBUG [http-nio-63040-exec-3][FrameworkServlet.java:1131] - Completed 200 OK
2023-09-20 19:00:39,051 DEBUG [http-nio-63040-exec-3][FrameworkServlet.java:1131] - Completed 200 OK
2023-09-20 19:00:41,939 DEBUG [http-nio-63040-exec-4][LogFormatUtils.java:91] - POST "/content/course/list?pageNo=8&pageSize=10", parameters={masked}
2023-09-20 19:00:41,939 DEBUG [http-nio-63040-exec-4][LogFormatUtils.java:91] - POST "/content/course/list?pageNo=8&pageSize=10", parameters={masked}
2023-09-20 19:00:41,940 DEBUG [http-nio-63040-exec-4][AbstractHandlerMapping.java:415] - Mapped to com.xuecheng.content.api.CourseBaseInfoController#list(PageParams, QueryCourseParamsDto)
2023-09-20 19:00:41,940 DEBUG [http-nio-63040-exec-4][AbstractHandlerMapping.java:415] - Mapped to com.xuecheng.content.api.CourseBaseInfoController#list(PageParams, QueryCourseParamsDto)
2023-09-20 19:00:41,942 DEBUG [http-nio-63040-exec-4][LogFormatUtils.java:91] - Read "application/json;charset=utf-8" to [QueryCourseParamsDto(auditStatus=, courseName=, publishStatus=null)]
2023-09-20 19:00:41,942 DEBUG [http-nio-63040-exec-4][LogFormatUtils.java:91] - Read "application/json;charset=utf-8" to [QueryCourseParamsDto(auditStatus=, courseName=, publishStatus=null)]
2023-09-20 19:00:41,942 DEBUG [http-nio-63040-exec-4][Logger.java:49] - Creating a new SqlSession
2023-09-20 19:00:41,942 DEBUG [http-nio-63040-exec-4][Logger.java:49] - Creating a new SqlSession
2023-09-20 19:00:41,943 DEBUG [http-nio-63040-exec-4][Logger.java:49] - SqlSession [org.apache.ibatis.session.defaults.DefaultSqlSession@70ae5c54] was not registered for synchronization because synchronization is not active
2023-09-20 19:00:41,943 DEBUG [http-nio-63040-exec-4][Logger.java:49] - SqlSession [org.apache.ibatis.session.defaults.DefaultSqlSession@70ae5c54] was not registered for synchronization because synchronization is not active
2023-09-20 19:00:41,946 DEBUG [http-nio-63040-exec-4][DataSourceUtils.java:115] - Fetching JDBC Connection from DataSource
2023-09-20 19:00:41,946 DEBUG [http-nio-63040-exec-4][DataSourceUtils.java:115] - Fetching JDBC Connection from DataSource
2023-09-20 19:00:41,947 DEBUG [http-nio-63040-exec-4][Logger.java:49] - JDBC Connection [HikariProxyConnection@2120858673 wrapping com.mysql.cj.jdbc.ConnectionImpl@1a8d5494] will not be managed by Spring
2023-09-20 19:00:41,947 DEBUG [http-nio-63040-exec-4][Logger.java:49] - JDBC Connection [HikariProxyConnection@2120858673 wrapping com.mysql.cj.jdbc.ConnectionImpl@1a8d5494] will not be managed by Spring
2023-09-20 19:00:41,948 DEBUG [http-nio-63040-exec-4][BaseJdbcLogger.java:137] - ==>  Preparing: SELECT COUNT(*) FROM course_base
2023-09-20 19:00:41,948 DEBUG [http-nio-63040-exec-4][BaseJdbcLogger.java:137] - ==>  Preparing: SELECT COUNT(*) FROM course_base
2023-09-20 19:00:41,948 DEBUG [http-nio-63040-exec-4][BaseJdbcLogger.java:137] - ==> Parameters: 
2023-09-20 19:00:41,948 DEBUG [http-nio-63040-exec-4][BaseJdbcLogger.java:137] - ==> Parameters: 
2023-09-20 19:00:41,950 DEBUG [http-nio-63040-exec-4][BaseJdbcLogger.java:137] - <==      Total: 1
2023-09-20 19:00:41,950 DEBUG [http-nio-63040-exec-4][BaseJdbcLogger.java:137] - <==      Total: 1
2023-09-20 19:00:41,952 DEBUG [http-nio-63040-exec-4][BaseJdbcLogger.java:137] - ==>  Preparing: SELECT id,company_id,company_name,name,users,tags,mt,st,grade,teachmode,description,pic,create_date,change_date,create_people,change_people,audit_status,status FROM course_base LIMIT ?,?
2023-09-20 19:00:41,952 DEBUG [http-nio-63040-exec-4][BaseJdbcLogger.java:137] - ==>  Preparing: SELECT id,company_id,company_name,name,users,tags,mt,st,grade,teachmode,description,pic,create_date,change_date,create_people,change_people,audit_status,status FROM course_base LIMIT ?,?
2023-09-20 19:00:41,953 DEBUG [http-nio-63040-exec-4][BaseJdbcLogger.java:137] - ==> Parameters: 70(Long), 10(Long)
2023-09-20 19:00:41,953 DEBUG [http-nio-63040-exec-4][BaseJdbcLogger.java:137] - ==> Parameters: 70(Long), 10(Long)
2023-09-20 19:00:41,956 DEBUG [http-nio-63040-exec-4][BaseJdbcLogger.java:137] - <==      Total: 1
2023-09-20 19:00:41,956 DEBUG [http-nio-63040-exec-4][BaseJdbcLogger.java:137] - <==      Total: 1
2023-09-20 19:00:41,957 DEBUG [http-nio-63040-exec-4][Logger.java:49] - Closing non transactional SqlSession [org.apache.ibatis.session.defaults.DefaultSqlSession@70ae5c54]
2023-09-20 19:00:41,957 DEBUG [http-nio-63040-exec-4][Logger.java:49] - Closing non transactional SqlSession [org.apache.ibatis.session.defaults.DefaultSqlSession@70ae5c54]
2023-09-20 19:00:41,958 DEBUG [http-nio-63040-exec-4][AbstractMessageConverterMethodProcessor.java:255] - Using 'application/json', given [application/json, text/plain, */*] and supported [application/json, application/*+json, application/json, application/*+json]
2023-09-20 19:00:41,958 DEBUG [http-nio-63040-exec-4][AbstractMessageConverterMethodProcessor.java:255] - Using 'application/json', given [application/json, text/plain, */*] and supported [application/json, application/*+json, application/json, application/*+json]
2023-09-20 19:00:41,958 DEBUG [http-nio-63040-exec-4][LogFormatUtils.java:91] - Writing [PageResult(items=[CourseBase(id=133, companyId=1232141425, companyName=null, name=阿迪斯发大水发大水发都发啥, use (truncated)...]
2023-09-20 19:00:41,958 DEBUG [http-nio-63040-exec-4][LogFormatUtils.java:91] - Writing [PageResult(items=[CourseBase(id=133, companyId=1232141425, companyName=null, name=阿迪斯发大水发大水发都发啥, use (truncated)...]
2023-09-20 19:00:41,959 DEBUG [http-nio-63040-exec-4][FrameworkServlet.java:1131] - Completed 200 OK
2023-09-20 19:00:41,959 DEBUG [http-nio-63040-exec-4][FrameworkServlet.java:1131] - Completed 200 OK
2023-09-20 19:01:00,038 DEBUG [HikariPool-1 housekeeper][HikariPool.java:421] - HikariPool-1 - Pool stats (total=10, active=0, idle=10, waiting=0)
2023-09-20 19:01:00,038 DEBUG [HikariPool-1 housekeeper][HikariPool.java:421] - HikariPool-1 - Pool stats (total=10, active=0, idle=10, waiting=0)
2023-09-20 19:01:00,039 DEBUG [HikariPool-1 housekeeper][HikariPool.java:517] - HikariPool-1 - Fill pool skipped, pool is at sufficient level.
2023-09-20 19:01:00,039 DEBUG [HikariPool-1 housekeeper][HikariPool.java:517] - HikariPool-1 - Fill pool skipped, pool is at sufficient level.
2023-09-20 19:01:00,856 DEBUG [HikariPool-1 housekeeper][HikariPool.java:421] - HikariPool-1 - Pool stats (total=10, active=0, idle=10, waiting=0)
2023-09-20 19:01:00,856 DEBUG [HikariPool-1 housekeeper][HikariPool.java:421] - HikariPool-1 - Pool stats (total=10, active=0, idle=10, waiting=0)
2023-09-20 19:01:00,857 DEBUG [HikariPool-1 housekeeper][HikariPool.java:517] - HikariPool-1 - Fill pool skipped, pool is at sufficient level.
2023-09-20 19:01:00,857 DEBUG [HikariPool-1 housekeeper][HikariPool.java:517] - HikariPool-1 - Fill pool skipped, pool is at sufficient level.
2023-09-20 19:01:30,051 DEBUG [HikariPool-1 housekeeper][HikariPool.java:421] - HikariPool-1 - Pool stats (total=10, active=0, idle=10, waiting=0)
2023-09-20 19:01:30,051 DEBUG [HikariPool-1 housekeeper][HikariPool.java:421] - HikariPool-1 - Pool stats (total=10, active=0, idle=10, waiting=0)
2023-09-20 19:01:30,051 DEBUG [HikariPool-1 housekeeper][HikariPool.java:517] - HikariPool-1 - Fill pool skipped, pool is at sufficient level.
2023-09-20 19:01:30,051 DEBUG [HikariPool-1 housekeeper][HikariPool.java:517] - HikariPool-1 - Fill pool skipped, pool is at sufficient level.
2023-09-20 19:01:30,868 DEBUG [HikariPool-1 housekeeper][HikariPool.java:421] - HikariPool-1 - Pool stats (total=10, active=0, idle=10, waiting=0)
2023-09-20 19:01:30,868 DEBUG [HikariPool-1 housekeeper][HikariPool.java:421] - HikariPool-1 - Pool stats (total=10, active=0, idle=10, waiting=0)
2023-09-20 19:01:30,868 DEBUG [HikariPool-1 housekeeper][HikariPool.java:517] - HikariPool-1 - Fill pool skipped, pool is at sufficient level.
2023-09-20 19:01:30,868 DEBUG [HikariPool-1 housekeeper][HikariPool.java:517] - HikariPool-1 - Fill pool skipped, pool is at sufficient level.
2023-09-20 19:02:00,054 DEBUG [HikariPool-1 housekeeper][HikariPool.java:421] - HikariPool-1 - Pool stats (total=10, active=0, idle=10, waiting=0)
2023-09-20 19:02:00,054 DEBUG [HikariPool-1 housekeeper][HikariPool.java:421] - HikariPool-1 - Pool stats (total=10, active=0, idle=10, waiting=0)
2023-09-20 19:02:00,055 DEBUG [HikariPool-1 housekeeper][HikariPool.java:517] - HikariPool-1 - Fill pool skipped, pool is at sufficient level.
2023-09-20 19:02:00,055 DEBUG [HikariPool-1 housekeeper][HikariPool.java:517] - HikariPool-1 - Fill pool skipped, pool is at sufficient level.
2023-09-20 19:02:00,871 DEBUG [HikariPool-1 housekeeper][HikariPool.java:421] - HikariPool-1 - Pool stats (total=10, active=0, idle=10, waiting=0)
2023-09-20 19:02:00,871 DEBUG [HikariPool-1 housekeeper][HikariPool.java:421] - HikariPool-1 - Pool stats (total=10, active=0, idle=10, waiting=0)
2023-09-20 19:02:00,871 DEBUG [HikariPool-1 housekeeper][HikariPool.java:517] - HikariPool-1 - Fill pool skipped, pool is at sufficient level.
2023-09-20 19:02:00,871 DEBUG [HikariPool-1 housekeeper][HikariPool.java:517] - HikariPool-1 - Fill pool skipped, pool is at sufficient level.
2023-09-20 19:02:30,066 DEBUG [HikariPool-1 housekeeper][HikariPool.java:421] - HikariPool-1 - Pool stats (total=10, active=0, idle=10, waiting=0)
2023-09-20 19:02:30,066 DEBUG [HikariPool-1 housekeeper][HikariPool.java:421] - HikariPool-1 - Pool stats (total=10, active=0, idle=10, waiting=0)
2023-09-20 19:02:30,066 DEBUG [HikariPool-1 housekeeper][HikariPool.java:517] - HikariPool-1 - Fill pool skipped, pool is at sufficient level.
2023-09-20 19:02:30,066 DEBUG [HikariPool-1 housekeeper][HikariPool.java:517] - HikariPool-1 - Fill pool skipped, pool is at sufficient level.
2023-09-20 19:02:30,886 DEBUG [HikariPool-1 housekeeper][HikariPool.java:421] - HikariPool-1 - Pool stats (total=10, active=0, idle=10, waiting=0)
2023-09-20 19:02:30,886 DEBUG [HikariPool-1 housekeeper][HikariPool.java:421] - HikariPool-1 - Pool stats (total=10, active=0, idle=10, waiting=0)
2023-09-20 19:02:30,886 DEBUG [HikariPool-1 housekeeper][HikariPool.java:517] - HikariPool-1 - Fill pool skipped, pool is at sufficient level.
2023-09-20 19:02:30,886 DEBUG [HikariPool-1 housekeeper][HikariPool.java:517] - HikariPool-1 - Fill pool skipped, pool is at sufficient level.
2023-09-20 19:03:00,069 DEBUG [HikariPool-1 housekeeper][HikariPool.java:421] - HikariPool-1 - Pool stats (total=10, active=0, idle=10, waiting=0)
2023-09-20 19:03:00,069 DEBUG [HikariPool-1 housekeeper][HikariPool.java:421] - HikariPool-1 - Pool stats (total=10, active=0, idle=10, waiting=0)
2023-09-20 19:03:00,069 DEBUG [HikariPool-1 housekeeper][HikariPool.java:517] - HikariPool-1 - Fill pool skipped, pool is at sufficient level.
2023-09-20 19:03:00,069 DEBUG [HikariPool-1 housekeeper][HikariPool.java:517] - HikariPool-1 - Fill pool skipped, pool is at sufficient level.
2023-09-20 19:03:00,887 DEBUG [HikariPool-1 housekeeper][HikariPool.java:421] - HikariPool-1 - Pool stats (total=10, active=0, idle=10, waiting=0)
2023-09-20 19:03:00,887 DEBUG [HikariPool-1 housekeeper][HikariPool.java:421] - HikariPool-1 - Pool stats (total=10, active=0, idle=10, waiting=0)
2023-09-20 19:03:00,888 DEBUG [HikariPool-1 housekeeper][HikariPool.java:517] - HikariPool-1 - Fill pool skipped, pool is at sufficient level.
2023-09-20 19:03:00,888 DEBUG [HikariPool-1 housekeeper][HikariPool.java:517] - HikariPool-1 - Fill pool skipped, pool is at sufficient level.
2023-09-20 19:03:30,085 DEBUG [HikariPool-1 housekeeper][HikariPool.java:421] - HikariPool-1 - Pool stats (total=10, active=0, idle=10, waiting=0)
2023-09-20 19:03:30,085 DEBUG [HikariPool-1 housekeeper][HikariPool.java:421] - HikariPool-1 - Pool stats (total=10, active=0, idle=10, waiting=0)
2023-09-20 19:03:30,085 DEBUG [HikariPool-1 housekeeper][HikariPool.java:517] - HikariPool-1 - Fill pool skipped, pool is at sufficient level.
2023-09-20 19:03:30,085 DEBUG [HikariPool-1 housekeeper][HikariPool.java:517] - HikariPool-1 - Fill pool skipped, pool is at sufficient level.
2023-09-20 19:03:30,903 DEBUG [HikariPool-1 housekeeper][HikariPool.java:421] - HikariPool-1 - Pool stats (total=10, active=0, idle=10, waiting=0)
2023-09-20 19:03:30,903 DEBUG [HikariPool-1 housekeeper][HikariPool.java:421] - HikariPool-1 - Pool stats (total=10, active=0, idle=10, waiting=0)
2023-09-20 19:03:30,904 DEBUG [HikariPool-1 housekeeper][HikariPool.java:517] - HikariPool-1 - Fill pool skipped, pool is at sufficient level.
2023-09-20 19:03:30,904 DEBUG [HikariPool-1 housekeeper][HikariPool.java:517] - HikariPool-1 - Fill pool skipped, pool is at sufficient level.
2023-09-20 19:04:00,097 DEBUG [HikariPool-1 housekeeper][HikariPool.java:421] - HikariPool-1 - Pool stats (total=10, active=0, idle=10, waiting=0)
2023-09-20 19:04:00,097 DEBUG [HikariPool-1 housekeeper][HikariPool.java:421] - HikariPool-1 - Pool stats (total=10, active=0, idle=10, waiting=0)
2023-09-20 19:04:00,098 DEBUG [HikariPool-1 housekeeper][HikariPool.java:517] - HikariPool-1 - Fill pool skipped, pool is at sufficient level.
2023-09-20 19:04:00,098 DEBUG [HikariPool-1 housekeeper][HikariPool.java:517] - HikariPool-1 - Fill pool skipped, pool is at sufficient level.
2023-09-20 19:04:00,913 DEBUG [HikariPool-1 housekeeper][HikariPool.java:421] - HikariPool-1 - Pool stats (total=10, active=0, idle=10, waiting=0)
2023-09-20 19:04:00,913 DEBUG [HikariPool-1 housekeeper][HikariPool.java:421] - HikariPool-1 - Pool stats (total=10, active=0, idle=10, waiting=0)
2023-09-20 19:04:00,913 DEBUG [HikariPool-1 housekeeper][HikariPool.java:517] - HikariPool-1 - Fill pool skipped, pool is at sufficient level.
2023-09-20 19:04:00,913 DEBUG [HikariPool-1 housekeeper][HikariPool.java:517] - HikariPool-1 - Fill pool skipped, pool is at sufficient level.
2023-09-20 19:04:30,100 DEBUG [HikariPool-1 housekeeper][HikariPool.java:421] - HikariPool-1 - Pool stats (total=10, active=0, idle=10, waiting=0)
2023-09-20 19:04:30,100 DEBUG [HikariPool-1 housekeeper][HikariPool.java:421] - HikariPool-1 - Pool stats (total=10, active=0, idle=10, waiting=0)
2023-09-20 19:04:30,100 DEBUG [HikariPool-1 housekeeper][HikariPool.java:517] - HikariPool-1 - Fill pool skipped, pool is at sufficient level.
2023-09-20 19:04:30,100 DEBUG [HikariPool-1 housekeeper][HikariPool.java:517] - HikariPool-1 - Fill pool skipped, pool is at sufficient level.
2023-09-20 19:04:30,921 DEBUG [HikariPool-1 housekeeper][HikariPool.java:421] - HikariPool-1 - Pool stats (total=10, active=0, idle=10, waiting=0)
2023-09-20 19:04:30,921 DEBUG [HikariPool-1 housekeeper][HikariPool.java:421] - HikariPool-1 - Pool stats (total=10, active=0, idle=10, waiting=0)
2023-09-20 19:04:30,921 DEBUG [HikariPool-1 housekeeper][HikariPool.java:517] - HikariPool-1 - Fill pool skipped, pool is at sufficient level.
2023-09-20 19:04:30,921 DEBUG [HikariPool-1 housekeeper][HikariPool.java:517] - HikariPool-1 - Fill pool skipped, pool is at sufficient level.
