2023-09-26 14:38:32,143 ERROR [reactor-http-nio-2][CompositeLog.java:122] - [1ffb67e8-40]  500 Server Error for HTTP POST "/media/files?pageNo=1&pageSize=10"
java.io.IOException: 远程主机强迫关闭了一个现有的连接。
	at sun.nio.ch.SocketDispatcher.read0(Native Method)
	Suppressed: reactor.core.publisher.FluxOnAssembly$OnAssemblyException: 
Error has been observed at the following site(s):
	|_ checkpoint ⇢ org.springframework.cloud.gateway.filter.WeightCalculatorWebFilter [DefaultWebFilterChain]
	|_ checkpoint ⇢ HTTP POST "/media/files?pageNo=1&pageSize=10" [ExceptionHandlingWebHandler]
Stack trace:
		at sun.nio.ch.SocketDispatcher.read0(Native Method)
		at sun.nio.ch.SocketDispatcher.read(SocketDispatcher.java:43)
		at sun.nio.ch.IOUtil.readIntoNativeBuffer(IOUtil.java:225)
		at sun.nio.ch.IOUtil.read(IOUtil.java:194)
		at sun.nio.ch.SocketChannelImpl.read(SocketChannelImpl.java:393)
		at io.netty.buffer.PooledByteBuf.setBytes(PooledByteBuf.java:253)
		at io.netty.buffer.AbstractByteBuf.writeBytes(AbstractByteBuf.java:1134)
		at io.netty.channel.socket.nio.NioSocketChannel.doReadBytes(NioSocketChannel.java:350)
		at io.netty.channel.nio.AbstractNioByteChannel$NioByteUnsafe.read(AbstractNioByteChannel.java:151)
		at io.netty.channel.nio.NioEventLoop.processSelectedKey(NioEventLoop.java:719)
		at io.netty.channel.nio.NioEventLoop.processSelectedKeysOptimized(NioEventLoop.java:655)
		at io.netty.channel.nio.NioEventLoop.processSelectedKeys(NioEventLoop.java:581)
		at io.netty.channel.nio.NioEventLoop.run(NioEventLoop.java:493)
		at io.netty.util.concurrent.SingleThreadEventExecutor$4.run(SingleThreadEventExecutor.java:989)
		at io.netty.util.internal.ThreadExecutorMap$2.run(ThreadExecutorMap.java:74)
		at io.netty.util.concurrent.FastThreadLocalRunnable.run(FastThreadLocalRunnable.java:30)
		at java.lang.Thread.run(Thread.java:853)
2023-09-26 14:38:32,143 ERROR [reactor-http-nio-1][CompositeLog.java:122] - [c3d56083-39]  500 Server Error for HTTP POST "/media/upload/checkfile"
java.io.IOException: 远程主机强迫关闭了一个现有的连接。
	at sun.nio.ch.SocketDispatcher.read0(Native Method)
	Suppressed: reactor.core.publisher.FluxOnAssembly$OnAssemblyException: 
Error has been observed at the following site(s):
	|_ checkpoint ⇢ org.springframework.cloud.gateway.filter.WeightCalculatorWebFilter [DefaultWebFilterChain]
	|_ checkpoint ⇢ HTTP POST "/media/upload/checkfile" [ExceptionHandlingWebHandler]
Stack trace:
		at sun.nio.ch.SocketDispatcher.read0(Native Method)
		at sun.nio.ch.SocketDispatcher.read(SocketDispatcher.java:43)
		at sun.nio.ch.IOUtil.readIntoNativeBuffer(IOUtil.java:225)
		at sun.nio.ch.IOUtil.read(IOUtil.java:194)
		at sun.nio.ch.SocketChannelImpl.read(SocketChannelImpl.java:393)
		at io.netty.buffer.PooledByteBuf.setBytes(PooledByteBuf.java:253)
		at io.netty.buffer.AbstractByteBuf.writeBytes(AbstractByteBuf.java:1134)
		at io.netty.channel.socket.nio.NioSocketChannel.doReadBytes(NioSocketChannel.java:350)
		at io.netty.channel.nio.AbstractNioByteChannel$NioByteUnsafe.read(AbstractNioByteChannel.java:151)
		at io.netty.channel.nio.NioEventLoop.processSelectedKey(NioEventLoop.java:719)
		at io.netty.channel.nio.NioEventLoop.processSelectedKeysOptimized(NioEventLoop.java:655)
		at io.netty.channel.nio.NioEventLoop.processSelectedKeys(NioEventLoop.java:581)
		at io.netty.channel.nio.NioEventLoop.run(NioEventLoop.java:493)
		at io.netty.util.concurrent.SingleThreadEventExecutor$4.run(SingleThreadEventExecutor.java:989)
		at io.netty.util.internal.ThreadExecutorMap$2.run(ThreadExecutorMap.java:74)
		at io.netty.util.concurrent.FastThreadLocalRunnable.run(FastThreadLocalRunnable.java:30)
		at java.lang.Thread.run(Thread.java:853)
2023-09-26 14:38:32,152 ERROR [reactor-http-nio-7][CompositeLog.java:122] - [19e5f4da-38]  500 Server Error for HTTP POST "/media/upload/checkchunk"
java.io.IOException: 远程主机强迫关闭了一个现有的连接。
	at sun.nio.ch.SocketDispatcher.read0(Native Method)
	Suppressed: reactor.core.publisher.FluxOnAssembly$OnAssemblyException: 
Error has been observed at the following site(s):
	|_ checkpoint ⇢ org.springframework.cloud.gateway.filter.WeightCalculatorWebFilter [DefaultWebFilterChain]
	|_ checkpoint ⇢ HTTP POST "/media/upload/checkchunk" [ExceptionHandlingWebHandler]
Stack trace:
		at sun.nio.ch.SocketDispatcher.read0(Native Method)
		at sun.nio.ch.SocketDispatcher.read(SocketDispatcher.java:43)
		at sun.nio.ch.IOUtil.readIntoNativeBuffer(IOUtil.java:225)
		at sun.nio.ch.IOUtil.read(IOUtil.java:194)
		at sun.nio.ch.SocketChannelImpl.read(SocketChannelImpl.java:393)
		at io.netty.buffer.PooledByteBuf.setBytes(PooledByteBuf.java:253)
		at io.netty.buffer.AbstractByteBuf.writeBytes(AbstractByteBuf.java:1134)
		at io.netty.channel.socket.nio.NioSocketChannel.doReadBytes(NioSocketChannel.java:350)
		at io.netty.channel.nio.AbstractNioByteChannel$NioByteUnsafe.read(AbstractNioByteChannel.java:151)
		at io.netty.channel.nio.NioEventLoop.processSelectedKey(NioEventLoop.java:719)
		at io.netty.channel.nio.NioEventLoop.processSelectedKeysOptimized(NioEventLoop.java:655)
		at io.netty.channel.nio.NioEventLoop.processSelectedKeys(NioEventLoop.java:581)
		at io.netty.channel.nio.NioEventLoop.run(NioEventLoop.java:493)
		at io.netty.util.concurrent.SingleThreadEventExecutor$4.run(SingleThreadEventExecutor.java:989)
		at io.netty.util.internal.ThreadExecutorMap$2.run(ThreadExecutorMap.java:74)
		at io.netty.util.concurrent.FastThreadLocalRunnable.run(FastThreadLocalRunnable.java:30)
		at java.lang.Thread.run(Thread.java:853)
